Using pre-set license
Built from '2021.3/staging' branch; Version is '2021.3.21f1 (1b156197d683) revision 1774945'; Using compiler version '192829333'; Build Type 'Release'
OS: 'Windows 10  (10.0.19045) 64bit Core' Language: 'en' Physical Memory: 16333 MB
BatchMode: 1, IsHumanControllingUs: 0, StartBugReporterOnCrash: 0, Is64bit: 1, IsPro: 1

COMMAND LINE ARGUMENTS:
C:\Program Files\Unity\Hub\Editor\2021.3.21f1\Editor\Unity.exe
-adb2
-batchMode
-noUpm
-name
AssetImportWorker0
-projectPath
D:/Koulu/R&D/Git/RnD-Unity/Pattern recognition
-logFile
Logs/AssetImportWorker0.log
-srvPort
54225
Successfully changed project path to: D:/Koulu/R&D/Git/RnD-Unity/Pattern recognition
D:/Koulu/R&D/Git/RnD-Unity/Pattern recognition
[UnityMemory] Configuration Parameters - Can be set up in boot.config
    "memorysetup-bucket-allocator-granularity=16"
    "memorysetup-bucket-allocator-bucket-count=8"
    "memorysetup-bucket-allocator-block-size=33554432"
    "memorysetup-bucket-allocator-block-count=8"
    "memorysetup-main-allocator-block-size=16777216"
    "memorysetup-thread-allocator-block-size=16777216"
    "memorysetup-gfx-main-allocator-block-size=16777216"
    "memorysetup-gfx-thread-allocator-block-size=16777216"
    "memorysetup-cache-allocator-block-size=4194304"
    "memorysetup-typetree-allocator-block-size=2097152"
    "memorysetup-profiler-bucket-allocator-granularity=16"
    "memorysetup-profiler-bucket-allocator-bucket-count=8"
    "memorysetup-profiler-bucket-allocator-block-size=33554432"
    "memorysetup-profiler-bucket-allocator-block-count=8"
    "memorysetup-profiler-allocator-block-size=16777216"
    "memorysetup-profiler-editor-allocator-block-size=1048576"
    "memorysetup-temp-allocator-size-main=16777216"
    "memorysetup-job-temp-allocator-block-size=2097152"
    "memorysetup-job-temp-allocator-block-size-background=1048576"
    "memorysetup-job-temp-allocator-reduction-small-platforms=262144"
    "memorysetup-temp-allocator-size-background-worker=32768"
    "memorysetup-temp-allocator-size-job-worker=262144"
    "memorysetup-temp-allocator-size-preload-manager=33554432"
    "memorysetup-temp-allocator-size-nav-mesh-worker=65536"
    "memorysetup-temp-allocator-size-audio-worker=65536"
    "memorysetup-temp-allocator-size-cloud-worker=32768"
    "memorysetup-temp-allocator-size-gi-baking-worker=262144"
    "memorysetup-temp-allocator-size-gfx=262144"
Player connection [27868] Host "[IP] 192.168.56.1 [Port] 0 [Flags] 2 [Guid] 2165119576 [EditorId] 2165119576 [Version] 1048832 [Id] WindowsEditor(7,Arrtu-PC) [Debug] 1 [PackageName] WindowsEditor [ProjectName] Editor" joined multi-casting on [225.0.0.222:54997]...

Player connection [27868] Host "[IP] 192.168.56.1 [Port] 0 [Flags] 2 [Guid] 2165119576 [EditorId] 2165119576 [Version] 1048832 [Id] WindowsEditor(7,Arrtu-PC) [Debug] 1 [PackageName] WindowsEditor [ProjectName] Editor" joined alternative multi-casting on [225.0.0.222:34997]...

Refreshing native plugins compatible for Editor in 200.48 ms, found 4 plugins.
Preloading 0 native plugins for Editor in 0.00 ms.
Initialize engine version: 2021.3.21f1 (1b156197d683)
[Subsystems] Discovering subsystems at path C:/Program Files/Unity/Hub/Editor/2021.3.21f1/Editor/Data/Resources/UnitySubsystems
[Subsystems] Discovering subsystems at path D:/Koulu/R&D/Git/RnD-Unity/Pattern recognition/Assets
GfxDevice: creating device client; threaded=0; jobified=0
Renderer: NVIDIA GeForce GTX 1070/PCIe/SSE2
Vendor:   NVIDIA Corporation
Version:  4.5.0 NVIDIA 536.23
GLES:     0
 GL_AMD_multi_draw_indirect GL_AMD_seamless_cubemap_per_texture GL_AMD_vertex_shader_viewport_index GL_AMD_vertex_shader_layer GL_ARB_arrays_of_arrays GL_ARB_base_instance GL_ARB_bindless_texture GL_ARB_blend_func_extended GL_ARB_buffer_storage GL_ARB_clear_buffer_object GL_ARB_clear_texture GL_ARB_clip_control GL_ARB_color_buffer_float GL_ARB_compressed_texture_pixel_storage GL_ARB_conservative_depth GL_ARB_compute_shader GL_ARB_compute_variable_group_size GL_ARB_conditional_render_inverted GL_ARB_copy_buffer GL_ARB_copy_image GL_ARB_cull_distance GL_ARB_debug_output GL_ARB_depth_buffer_float GL_ARB_depth_clamp GL_ARB_depth_texture GL_ARB_derivative_control GL_ARB_direct_state_access GL_ARB_draw_buffers GL_ARB_draw_buffers_blend GL_ARB_draw_indirect GL_ARB_draw_elements_base_vertex GL_ARB_draw_instanced GL_ARB_enhanced_layouts GL_ARB_ES2_compatibility GL_ARB_ES3_compatibility GL_ARB_ES3_1_compatibility GL_ARB_ES3_2_compatibility GL_ARB_explicit_attrib_location GL_ARB_explicit_uniform_location GL_ARB_fragmen
t_coord_conventions GL_ARB_fragment_layer_viewport GL_ARB_fragment_program GL_ARB_fragment_program_shadow GL_ARB_fragment_shader GL_ARB_fragment_shader_interlock GL_ARB_framebuffer_no_attachments GL_ARB_framebuffer_object GL_ARB_framebuffer_sRGB GL_ARB_geometry_shader4 GL_ARB_get_program_binary GL_ARB_get_texture_sub_image GL_ARB_gl_spirv GL_ARB_gpu_shader5 GL_ARB_gpu_shader_fp64 GL_ARB_gpu_shader_int64 GL_ARB_half_float_pixel GL_ARB_half_float_vertex GL_ARB_imaging GL_ARB_indirect_parameters GL_ARB_instanced_arrays GL_ARB_internalformat_query GL_ARB_internalformat_query2 GL_ARB_invalidate_subdata GL_ARB_map_buffer_alignment GL_ARB_map_buffer_range GL_ARB_multi_bind GL_ARB_multi_draw_indirect GL_ARB_multisample GL_ARB_multitexture GL_ARB_occlusion_query GL_ARB_occlusion_query2 GL_ARB_parallel_shader_compile GL_ARB_pipeline_statistics_query GL_ARB_pixel_buffer_object GL_ARB_point_parameters GL_ARB_point_sprite GL_ARB_polygon_offset_clamp GL_ARB_post_depth_coverage GL_ARB_program_interface_query GL_ARB_provoki
ng_vertex GL_ARB_query_buffer_object GL_ARB_robust_buffer_access_behavior GL_ARB_robustness GL_ARB_sample_locations GL_ARB_sample_shading GL_ARB_sampler_objects GL_ARB_seamless_cube_map GL_ARB_seamless_cubemap_per_texture GL_ARB_separate_shader_objects GL_ARB_shader_atomic_counter_ops GL_ARB_shader_atomic_counters GL_ARB_shader_ballot GL_ARB_shader_bit_encoding GL_ARB_shader_clock GL_ARB_shader_draw_parameters GL_ARB_shader_group_vote GL_ARB_shader_image_load_store GL_ARB_shader_image_size GL_ARB_shader_objects GL_ARB_shader_precision GL_ARB_shader_storage_buffer_object GL_ARB_shader_subroutine GL_ARB_shader_texture_image_samples GL_ARB_shader_texture_lod GL_ARB_shading_language_100 GL_ARB_shader_viewport_layer_array GL_ARB_shading_language_420pack GL_ARB_shading_language_include GL_ARB_shading_language_packing GL_ARB_shadow GL_ARB_sparse_buffer GL_ARB_sparse_texture GL_ARB_sparse_texture2 GL_ARB_sparse_texture_clamp GL_ARB_spirv_extensions GL_ARB_stencil_texturing GL_ARB_sync GL_ARB_tessellation_shader GL_A
RB_texture_barrier GL_ARB_texture_border_clamp GL_ARB_texture_buffer_object GL_ARB_texture_buffer_object_rgb32 GL_ARB_texture_buffer_range GL_ARB_texture_compression GL_ARB_texture_compression_bptc GL_ARB_texture_compression_rgtc GL_ARB_texture_cube_map GL_ARB_texture_cube_map_array GL_ARB_texture_env_add GL_ARB_texture_env_combine GL_ARB_texture_env_crossbar GL_ARB_texture_env_dot3 GL_ARB_texture_filter_anisotropic GL_ARB_texture_filter_minmax GL_ARB_texture_float GL_ARB_texture_gather GL_ARB_texture_mirror_clamp_to_edge GL_ARB_texture_mirrored_repeat GL_ARB_texture_multisample GL_ARB_texture_non_power_of_two GL_ARB_texture_query_levels GL_ARB_texture_query_lod GL_ARB_texture_rectangle GL_ARB_texture_rg GL_ARB_texture_rgb10_a2ui GL_ARB_texture_stencil8 GL_ARB_texture_storage GL_ARB_texture_storage_multisample GL_ARB_texture_swizzle GL_ARB_texture_view GL_ARB_timer_query GL_ARB_transform_feedback2 GL_ARB_transform_feedback3 GL_ARB_transform_feedback_instanced GL_ARB_transform_feedback_overflow_query GL_ARB_t
ranspose_matrix GL_ARB_uniform_buffer_object GL_ARB_vertex_array_bgra GL_ARB_vertex_array_object GL_ARB_vertex_attrib_64bit GL_ARB_vertex_attrib_binding GL_ARB_vertex_buffer_object GL_ARB_vertex_program GL_ARB_vertex_shader GL_ARB_vertex_type_10f_11f_11f_rev GL_ARB_vertex_type_2_10_10_10_rev GL_ARB_viewport_array GL_ARB_window_pos GL_ATI_draw_buffers GL_ATI_texture_float GL_ATI_texture_mirror_once GL_S3_s3tc GL_EXT_texture_env_add GL_EXT_abgr GL_EXT_bgra GL_EXT_bindable_uniform GL_EXT_blend_color GL_EXT_blend_equation_separate GL_EXT_blend_func_separate GL_EXT_blend_minmax GL_EXT_blend_subtract GL_EXT_compiled_vertex_array GL_EXT_Cg_shader GL_EXT_depth_bounds_test GL_EXT_direct_state_access GL_EXT_draw_buffers2 GL_EXT_draw_instanced GL_EXT_draw_range_elements GL_EXT_fog_coord GL_EXT_framebuffer_blit GL_EXT_framebuffer_multisample GL_EXTX_framebuffer_mixed_formats GL_EXT_framebuffer_multisample_blit_scaled GL_EXT_framebuffer_object GL_EXT_framebuffer_sRGB GL_EXT_geometry_shader4 GL_EXT_gpu_program_parameters 
GL_EXT_gpu_shader4 GL_EXT_multi_draw_arrays GL_EXT_multiview_texture_multisample GL_EXT_multiview_timer_query GL_EXT_packed_depth_stencil GL_EXT_packed_float GL_EXT_packed_pixels GL_EXT_pixel_buffer_object GL_EXT_point_parameters GL_EXT_polygon_offset_clamp GL_EXT_post_depth_coverage GL_EXT_provoking_vertex GL_EXT_raster_multisample GL_EXT_rescale_normal GL_EXT_secondary_color GL_EXT_separate_shader_objects GL_EXT_separate_specular_color GL_EXT_shader_image_load_formatted GL_EXT_shader_image_load_store GL_EXT_shader_integer_mix GL_EXT_shadow_funcs GL_EXT_sparse_texture2 GL_EXT_stencil_two_side GL_EXT_stencil_wrap GL_EXT_texture3D GL_EXT_texture_array GL_EXT_texture_buffer_object GL_EXT_texture_compression_dxt1 GL_EXT_texture_compression_latc GL_EXT_texture_compression_rgtc GL_EXT_texture_compression_s3tc GL_EXT_texture_cube_map GL_EXT_texture_edge_clamp GL_EXT_texture_env_combine GL_EXT_texture_env_dot3 GL_EXT_texture_filter_anisotropic GL_EXT_texture_filter_minmax GL_EXT_texture_integer GL_EXT_texture_lod G
L_EXT_texture_lod_bias GL_EXT_texture_mirror_clamp GL_EXT_texture_object GL_EXT_texture_shadow_lod GL_EXT_texture_shared_exponent GL_EXT_texture_sRGB GL_EXT_texture_sRGB_R8 GL_EXT_texture_sRGB_decode GL_EXT_texture_storage GL_EXT_texture_swizzle GL_EXT_timer_query GL_EXT_transform_feedback2 GL_EXT_vertex_array GL_EXT_vertex_array_bgra GL_EXT_vertex_attrib_64bit GL_EXT_window_rectangles GL_EXT_import_sync_object GL_IBM_rasterpos_clip GL_IBM_texture_mirrored_repeat GL_KHR_context_flush_control GL_KHR_debug GL_EXT_memory_object GL_EXT_memory_object_win32 GL_NV_memory_object_sparse GL_EXT_win32_keyed_mutex GL_KHR_parallel_shader_compile GL_KHR_no_error GL_KHR_robust_buffer_access_behavior GL_KHR_robustness GL_EXT_semaphore GL_EXT_semaphore_win32 GL_NV_timeline_semaphore GL_KHR_shader_subgroup GL_KTX_buffer_region GL_NV_alpha_to_coverage_dither_control GL_NV_bindless_multi_draw_indirect GL_NV_bindless_multi_draw_indirect_count GL_NV_bindless_texture GL_NV_blend_equation_advanced GL_NV_blend_equation_advanced_cohe
rent GL_NVX_blend_equation_advanced_multi_draw_buffers GL_NV_blend_minmax_factor GL_NV_blend_square GL_NV_clip_space_w_scaling GL_NV_command_list GL_NV_compute_program5 GL_NV_conditional_render GL_NV_conservative_raster GL_NV_conservative_raster_dilate GL_NV_conservative_raster_pre_snap_triangles GL_NV_copy_depth_to_color GL_NV_copy_image GL_NV_depth_buffer_float GL_NV_depth_clamp GL_NV_draw_texture GL_NV_draw_vulkan_image GL_NV_ES1_1_compatibility GL_NV_ES3_1_compatibility GL_NV_explicit_multisample GL_NV_feature_query GL_NV_fence GL_NV_fill_rectangle GL_NV_float_buffer GL_NV_fog_distance GL_NV_fragment_coverage_to_color GL_NV_fragment_program GL_NV_fragment_program_option GL_NV_fragment_program2 GL_NV_fragment_shader_interlock GL_NV_framebuffer_mixed_samples GL_NV_framebuffer_multisample_coverage GL_NV_geometry_shader4 GL_NV_geometry_shader_passthrough GL_NV_gpu_program4 GL_NV_internalformat_sample_query GL_NV_gpu_program4_1 GL_NV_gpu_program5 GL_NV_gpu_program5_mem_extended GL_NV_gpu_program_fp64 GL_NV_gp
u_shader5 GL_NV_half_float GL_NV_light_max_exponent GL_NV_memory_attachment GL_NV_multisample_coverage GL_NV_multisample_filter_hint GL_NV_occlusion_query GL_NV_packed_depth_stencil GL_NV_parameter_buffer_object GL_NV_parameter_buffer_object2 GL_NV_path_rendering GL_NV_path_rendering_shared_edge GL_NV_pixel_data_range GL_NV_point_sprite GL_NV_primitive_restart GL_NV_query_resource GL_NV_query_resource_tag GL_NV_register_combiners GL_NV_register_combiners2 GL_NV_sample_locations GL_NV_sample_mask_override_coverage GL_NV_shader_atomic_counters GL_NV_shader_atomic_float GL_NV_shader_atomic_float64 GL_NV_shader_atomic_fp16_vector GL_NV_shader_atomic_int64 GL_NV_shader_buffer_load GL_NV_shader_storage_buffer_object GL_NV_shader_subgroup_partitioned GL_NV_stereo_view_rendering GL_NV_texgen_reflection GL_NV_texture_barrier GL_NV_texture_compression_vtc GL_NV_texture_env_combine4 GL_NV_texture_multisample GL_NV_texture_rectangle GL_NV_texture_rectangle_compressed GL_NV_texture_shader GL_NV_texture_shader2 GL_NV_text
ure_shader3 GL_NV_transform_feedback GL_NV_transform_feedback2 GL_NV_uniform_buffer_unified_memory GL_NV_uniform_buffer_std430_layout GL_NV_vertex_array_range GL_NV_vertex_array_range2 GL_NV_vertex_attrib_integer_64bit GL_NV_vertex_buffer_unified_memory GL_NV_vertex_program GL_NV_vertex_program1_1 GL_NV_vertex_program2 GL_NV_vertex_program2_option GL_NV_vertex_program3 GL_NV_viewport_array2 GL_NV_viewport_swizzle GL_NVX_conditional_render GL_NVX_linked_gpu_multicast GL_NV_gpu_multicast GL_NVX_gpu_multicast2 GL_NVX_progress_fence GL_NVX_gpu_memory_info GL_NVX_multigpu_info GL_NVX_nvenc_interop GL_NV_shader_thread_group GL_NV_shader_thread_shuffle GL_KHR_blend_equation_advanced GL_KHR_blend_equation_advanced_coherent GL_OVR_multiview GL_OVR_multiview2 GL_SGIS_generate_mipmap GL_SGIS_texture_lod GL_SGIX_depth_texture GL_SGIX_shadow GL_SUN_slice_accum GL_WIN_swap_hint WGL_EXT_swap_control
OPENGL LOG: Creating OpenGL 4.5 graphics device ; Context level  <OpenGL 4.5> ; Context handle 65537
Initialize mono
Mono path[0] = 'C:/Program Files/Unity/Hub/Editor/2021.3.21f1/Editor/Data/Managed'
Mono path[1] = 'C:/Program Files/Unity/Hub/Editor/2021.3.21f1/Editor/Data/MonoBleedingEdge/lib/mono/unityjit-win32'
Mono config path = 'C:/Program Files/Unity/Hub/Editor/2021.3.21f1/Editor/Data/MonoBleedingEdge/etc'
Using monoOptions --debugger-agent=transport=dt_socket,embedding=1,server=y,suspend=n,address=127.0.0.1:56560
Begin MonoManager ReloadAssembly
Registering precompiled unity dll's ...
Register platform support module: C:/Program Files/Unity/Hub/Editor/2021.3.21f1/Editor/Data/PlaybackEngines/WindowsStandaloneSupport/UnityEditor.WindowsStandalone.Extensions.dll
Registered in 0.013955 seconds.
Native extension for WindowsStandalone target not found
Refreshing native plugins compatible for Editor in 228.84 ms, found 4 plugins.
Preloading 0 native plugins for Editor in 0.00 ms.
Mono: successfully reloaded assembly
- Completed reload, in  1.354 seconds
Domain Reload Profiling:
	ReloadAssembly (1354ms)
		BeginReloadAssembly (277ms)
			ExecutionOrderSort (0ms)
			DisableScriptedObjects (0ms)
			BackupInstance (0ms)
			ReleaseScriptingObjects (0ms)
			CreateAndSetChildDomain (1ms)
		EndReloadAssembly (947ms)
			LoadAssemblies (272ms)
			RebuildTransferFunctionScriptingTraits (0ms)
			SetupTypeCache (127ms)
			ReleaseScriptCaches (0ms)
			RebuildScriptCaches (35ms)
			SetupLoadedEditorAssemblies (720ms)
				LogAssemblyErrors (0ms)
				InitializePlatformSupportModulesInManaged (14ms)
				SetLoadedEditorAssemblies (0ms)
				RefreshPlugins (229ms)
				BeforeProcessingInitializeOnLoad (1ms)
				ProcessInitializeOnLoadAttributes (410ms)
				ProcessInitializeOnLoadMethodAttributes (65ms)
				AfterProcessingInitializeOnLoad (0ms)
				EditorAssembliesLoaded (0ms)
			ExecutionOrderSort2 (0ms)
			AwakeInstancesAfterBackupRestoration (0ms)
Platform modules already initialized, skipping
Registering precompiled user dll's ...
Registered in 0.030171 seconds.
Begin MonoManager ReloadAssembly
Native extension for WindowsStandalone target not found
Refreshing native plugins compatible for Editor in 1.12 ms, found 4 plugins.
Preloading 0 native plugins for Editor in 0.00 ms.
Mono: successfully reloaded assembly
- Completed reload, in  1.462 seconds
Domain Reload Profiling:
	ReloadAssembly (1463ms)
		BeginReloadAssembly (151ms)
			ExecutionOrderSort (0ms)
			DisableScriptedObjects (6ms)
			BackupInstance (0ms)
			ReleaseScriptingObjects (0ms)
			CreateAndSetChildDomain (19ms)
		EndReloadAssembly (1191ms)
			LoadAssemblies (167ms)
			RebuildTransferFunctionScriptingTraits (0ms)
			SetupTypeCache (351ms)
			ReleaseScriptCaches (1ms)
			RebuildScriptCaches (56ms)
			SetupLoadedEditorAssemblies (603ms)
				LogAssemblyErrors (0ms)
				InitializePlatformSupportModulesInManaged (7ms)
				SetLoadedEditorAssemblies (0ms)
				RefreshPlugins (1ms)
				BeforeProcessingInitializeOnLoad (136ms)
				ProcessInitializeOnLoadAttributes (423ms)
				ProcessInitializeOnLoadMethodAttributes (21ms)
				AfterProcessingInitializeOnLoad (15ms)
				EditorAssembliesLoaded (0ms)
			ExecutionOrderSort2 (0ms)
			AwakeInstancesAfterBackupRestoration (10ms)
Platform modules already initialized, skipping
========================================================================
Worker process is ready to serve import requests
Launched and connected shader compiler UnityShaderCompiler.exe after 0.05 seconds
Refreshing native plugins compatible for Editor in 0.56 ms, found 4 plugins.
Preloading 0 native plugins for Editor in 0.00 ms.
Unloading 3459 Unused Serialized files (Serialized files now loaded: 0)
Unloading 30 unused Assets / (105.1 KB). Loaded Objects now: 3913.
Memory consumption went from 120.1 MB to 120.0 MB.
Total: 3.062200 ms (FindLiveObjects: 0.235200 ms CreateObjectMapping: 0.182000 ms MarkObjects: 2.558900 ms  DeleteObjects: 0.084800 ms)

AssetImportParameters requested are different than current active one (requested -> active):
  custom:video-decoder-ogg-theora: a1e56fd34408186e4bbccfd4996cb3dc -> 
  custom:container-muxer-webm: aa71ff27fc2769a1b78a27578f13a17b -> 
  custom:container-demuxer-webm: 4f35f7cbe854078d1ac9338744f61a02 -> 
  custom:video-encoder-webm-vp8: eb34c28f22e8b96e1ab97ce403110664 -> 
  custom:video-codec-MediaFoundation-h265: 746d11721c4dcdbdad8f713fa42b33f4 -> 
  custom:audio-encoder-webm-vorbis: bf7c407c2cedff20999df2af8eb42d56 -> 
  custom:framework-win-MediaFoundation: 216162199b28c13a410421893ffa2e32 -> 
  custom:container-demuxer-ogg: 62fdf1f143b41e24485cea50d1cbac27 -> 
  custom:video-decoder-webm-vp8: 9c59270c3fd7afecdb556c50c9e8de78 -> 
  custom:audio-decoder-ogg-vorbis: bf7c407c2cedff20999df2af8eb42d56 -> 
========================================================================
Received Import Request.
  Time since last request: 8892457.470023 seconds.
  path: Assets/ImageMatching.cs
  artifactKey: Guid(7e25a80238520f54ab2858544ce2c984) Importer(815301076,1909f56bfc062723c751e8b465ee728b)
Start importing Assets/ImageMatching.cs using Guid(7e25a80238520f54ab2858544ce2c984) Importer(815301076,1909f56bfc062723c751e8b465ee728b)  -> (artifact id: '2a668dd54e302a02c4ecb102758d33ce') in 0.051409 seconds 
========================================================================
Received Import Request.
  Time since last request: 14.958621 seconds.
  path: Assets/ImageMatching.cs
  artifactKey: Guid(7e25a80238520f54ab2858544ce2c984) Importer(815301076,1909f56bfc062723c751e8b465ee728b)
Start importing Assets/ImageMatching.cs using Guid(7e25a80238520f54ab2858544ce2c984) Importer(815301076,1909f56bfc062723c751e8b465ee728b)  -> (artifact id: '5fb0ec0b716e00a8787750029b3fba9e') in 0.089489 seconds 
========================================================================
Received Import Request.
  Time since last request: 0.896838 seconds.
  path: Assets/OpenCV+Unity
  artifactKey: Guid(e483fca5d0183004da3a26329fa8b373) Importer(815301076,1909f56bfc062723c751e8b465ee728b)
Start importing Assets/OpenCV+Unity using Guid(e483fca5d0183004da3a26329fa8b373) Importer(815301076,1909f56bfc062723c751e8b465ee728b)  -> (artifact id: '65ebcb7c132ad901fb831f694c80debf') in 0.017445 seconds 
========================================================================
Received Import Request.
  Time since last request: 3.331446 seconds.
  path: Assets/OpenCV+Unity/Assets
  artifactKey: Guid(5c5d5964f1003a24881c13c44a5ba80b) Importer(815301076,1909f56bfc062723c751e8b465ee728b)
Start importing Assets/OpenCV+Unity/Assets using Guid(5c5d5964f1003a24881c13c44a5ba80b) Importer(815301076,1909f56bfc062723c751e8b465ee728b)  -> (artifact id: 'a5c41335b627338d67f5dda44faac880') in 0.006423 seconds 
========================================================================
Received Import Request.
  Time since last request: 0.714565 seconds.
  path: Assets/OpenCV+Unity/Assets/Scripts
  artifactKey: Guid(23a586f0a97bc01468eb38ab80d13430) Importer(815301076,1909f56bfc062723c751e8b465ee728b)
Start importing Assets/OpenCV+Unity/Assets/Scripts using Guid(23a586f0a97bc01468eb38ab80d13430) Importer(815301076,1909f56bfc062723c751e8b465ee728b)  -> (artifact id: 'fc1fa65c0b03203b22a54423af3eef9a') in 0.012736 seconds 
========================================================================
Received Import Request.
  Time since last request: 0.847659 seconds.
  path: Assets/OpenCV+Unity/Assets/Scripts/OpenCvSharp
  artifactKey: Guid(19449c7bc355f9343bc161253729c7b0) Importer(815301076,1909f56bfc062723c751e8b465ee728b)
Start importing Assets/OpenCV+Unity/Assets/Scripts/OpenCvSharp using Guid(19449c7bc355f9343bc161253729c7b0) Importer(815301076,1909f56bfc062723c751e8b465ee728b)  -> (artifact id: '27a4aa8abaa5feda4ce7850c4213818f') in 0.013724 seconds 
========================================================================
Received Prepare
Refreshing native plugins compatible for Editor in 5.88 ms, found 4 plugins.
Preloading 0 native plugins for Editor in 0.00 ms.
Unloading 28 Unused Serialized files (Serialized files now loaded: 0)
Unloading 23 unused Assets / (71.5 KB). Loaded Objects now: 3918.
Memory consumption went from 51.0 MB to 50.9 MB.
Total: 4.775200 ms (FindLiveObjects: 0.253900 ms CreateObjectMapping: 0.235300 ms MarkObjects: 4.147600 ms  DeleteObjects: 0.135900 ms)

AssetImportParameters requested are different than current active one (requested -> active):
  custom:video-decoder-ogg-theora: a1e56fd34408186e4bbccfd4996cb3dc -> 
  custom:container-muxer-webm: aa71ff27fc2769a1b78a27578f13a17b -> 
  custom:container-demuxer-webm: 4f35f7cbe854078d1ac9338744f61a02 -> 
  custom:video-encoder-webm-vp8: eb34c28f22e8b96e1ab97ce403110664 -> 
  custom:video-codec-MediaFoundation-h265: 746d11721c4dcdbdad8f713fa42b33f4 -> 
  custom:audio-encoder-webm-vorbis: bf7c407c2cedff20999df2af8eb42d56 -> 
  custom:framework-win-MediaFoundation: 216162199b28c13a410421893ffa2e32 -> 
  custom:container-demuxer-ogg: 62fdf1f143b41e24485cea50d1cbac27 -> 
  custom:video-decoder-webm-vp8: 9c59270c3fd7afecdb556c50c9e8de78 -> 
  custom:audio-decoder-ogg-vorbis: bf7c407c2cedff20999df2af8eb42d56 -> 
========================================================================
Received Prepare
Refreshing native plugins compatible for Editor in 5.33 ms, found 4 plugins.
Preloading 0 native plugins for Editor in 0.00 ms.
Unloading 23 Unused Serialized files (Serialized files now loaded: 0)
Unloading 23 unused Assets / (71.6 KB). Loaded Objects now: 3918.
Memory consumption went from 50.9 MB to 50.8 MB.
Total: 3.845900 ms (FindLiveObjects: 0.239400 ms CreateObjectMapping: 0.219500 ms MarkObjects: 3.308900 ms  DeleteObjects: 0.077200 ms)

AssetImportParameters requested are different than current active one (requested -> active):
  custom:video-decoder-ogg-theora: a1e56fd34408186e4bbccfd4996cb3dc -> 
  custom:container-muxer-webm: aa71ff27fc2769a1b78a27578f13a17b -> 
  custom:container-demuxer-webm: 4f35f7cbe854078d1ac9338744f61a02 -> 
  custom:video-encoder-webm-vp8: eb34c28f22e8b96e1ab97ce403110664 -> 
  custom:video-codec-MediaFoundation-h265: 746d11721c4dcdbdad8f713fa42b33f4 -> 
  custom:audio-encoder-webm-vorbis: bf7c407c2cedff20999df2af8eb42d56 -> 
  custom:framework-win-MediaFoundation: 216162199b28c13a410421893ffa2e32 -> 
  custom:container-demuxer-ogg: 62fdf1f143b41e24485cea50d1cbac27 -> 
  custom:video-decoder-webm-vp8: 9c59270c3fd7afecdb556c50c9e8de78 -> 
  custom:audio-decoder-ogg-vorbis: bf7c407c2cedff20999df2af8eb42d56 -> 
========================================================================
Received Import Request.
  Time since last request: 667.769246 seconds.
  path: Assets/ImageMatching.cs
  artifactKey: Guid(7e25a80238520f54ab2858544ce2c984) Importer(815301076,1909f56bfc062723c751e8b465ee728b)
Start importing Assets/ImageMatching.cs using Guid(7e25a80238520f54ab2858544ce2c984) Importer(815301076,1909f56bfc062723c751e8b465ee728b)  -> (artifact id: '87114f20dc5a1a0c282355809c09e118') in 0.004103 seconds 
========================================================================
Received Prepare
Registering precompiled user dll's ...
Registered in 0.005922 seconds.
Begin MonoManager ReloadAssembly
Native extension for WindowsStandalone target not found
Refreshing native plugins compatible for Editor in 0.54 ms, found 4 plugins.
Preloading 0 native plugins for Editor in 0.00 ms.
Mono: successfully reloaded assembly
- Completed reload, in  1.434 seconds
Domain Reload Profiling:
	ReloadAssembly (1435ms)
		BeginReloadAssembly (270ms)
			ExecutionOrderSort (0ms)
			DisableScriptedObjects (7ms)
			BackupInstance (0ms)
			ReleaseScriptingObjects (0ms)
			CreateAndSetChildDomain (45ms)
		EndReloadAssembly (1028ms)
			LoadAssemblies (192ms)
			RebuildTransferFunctionScriptingTraits (0ms)
			SetupTypeCache (300ms)
			ReleaseScriptCaches (1ms)
			RebuildScriptCaches (41ms)
			SetupLoadedEditorAssemblies (539ms)
				LogAssemblyErrors (0ms)
				InitializePlatformSupportModulesInManaged (7ms)
				SetLoadedEditorAssemblies (0ms)
				RefreshPlugins (1ms)
				BeforeProcessingInitializeOnLoad (71ms)
				ProcessInitializeOnLoadAttributes (424ms)
				ProcessInitializeOnLoadMethodAttributes (19ms)
				AfterProcessingInitializeOnLoad (16ms)
				EditorAssembliesLoaded (0ms)
			ExecutionOrderSort2 (0ms)
			AwakeInstancesAfterBackupRestoration (11ms)
Platform modules already initialized, skipping
Refreshing native plugins compatible for Editor in 1.70 ms, found 4 plugins.
Preloading 0 native plugins for Editor in 0.00 ms.
Unloading 3458 Unused Serialized files (Serialized files now loaded: 0)
Unloading 24 unused Assets / (74.3 KB). Loaded Objects now: 3920.
Memory consumption went from 120.2 MB to 120.1 MB.
Total: 2.852100 ms (FindLiveObjects: 0.215700 ms CreateObjectMapping: 0.144000 ms MarkObjects: 2.393100 ms  DeleteObjects: 0.098400 ms)

AssetImportParameters requested are different than current active one (requested -> active):
  custom:video-decoder-ogg-theora: a1e56fd34408186e4bbccfd4996cb3dc -> 
  custom:container-muxer-webm: aa71ff27fc2769a1b78a27578f13a17b -> 
  custom:container-demuxer-webm: 4f35f7cbe854078d1ac9338744f61a02 -> 
  custom:video-encoder-webm-vp8: eb34c28f22e8b96e1ab97ce403110664 -> 
  custom:video-codec-MediaFoundation-h265: 746d11721c4dcdbdad8f713fa42b33f4 -> 
  custom:audio-encoder-webm-vorbis: bf7c407c2cedff20999df2af8eb42d56 -> 
  custom:framework-win-MediaFoundation: 216162199b28c13a410421893ffa2e32 -> 
  custom:container-demuxer-ogg: 62fdf1f143b41e24485cea50d1cbac27 -> 
  custom:video-decoder-webm-vp8: 9c59270c3fd7afecdb556c50c9e8de78 -> 
  custom:audio-decoder-ogg-vorbis: bf7c407c2cedff20999df2af8eb42d56 -> 
========================================================================
Received Import Request.
  Time since last request: 22.818679 seconds.
  path: Assets/PaperPlaneTools
  artifactKey: Guid(c1f3fe113e9c01246acc53867dc69825) Importer(815301076,1909f56bfc062723c751e8b465ee728b)
Start importing Assets/PaperPlaneTools using Guid(c1f3fe113e9c01246acc53867dc69825) Importer(815301076,1909f56bfc062723c751e8b465ee728b)  -> (artifact id: '15f3e75411700434363f08adaff88e3e') in 0.014510 seconds 
========================================================================
Received Import Request.
  Time since last request: 1.002973 seconds.
  path: Assets/PaperPlaneTools/ARMarker
  artifactKey: Guid(c1cd762e3366543ef8aced84726f5176) Importer(815301076,1909f56bfc062723c751e8b465ee728b)
Start importing Assets/PaperPlaneTools/ARMarker using Guid(c1cd762e3366543ef8aced84726f5176) Importer(815301076,1909f56bfc062723c751e8b465ee728b)  -> (artifact id: '5ff9424957486b611dd74824caaf06c9') in 0.014208 seconds 
========================================================================
Received Import Request.
  Time since last request: 1.784985 seconds.
  path: Assets/PaperPlaneTools/ARMarker/Demo
  artifactKey: Guid(794ce9bb316814b08afc75a6b5dc65a7) Importer(815301076,1909f56bfc062723c751e8b465ee728b)
Start importing Assets/PaperPlaneTools/ARMarker/Demo using Guid(794ce9bb316814b08afc75a6b5dc65a7) Importer(815301076,1909f56bfc062723c751e8b465ee728b)  -> (artifact id: 'a4ebf26aa1d5c0384bc0f5f3e5d80f64') in 0.015327 seconds 
========================================================================
Received Import Request.
  Time since last request: 1.560789 seconds.
  path: Assets/PaperPlaneTools/ARMarker/Demo/MainScene.unity
  artifactKey: Guid(bc3ebb3cbffd043beac724a39548c54b) Importer(815301076,1909f56bfc062723c751e8b465ee728b)
Start importing Assets/PaperPlaneTools/ARMarker/Demo/MainScene.unity using Guid(bc3ebb3cbffd043beac724a39548c54b) Importer(815301076,1909f56bfc062723c751e8b465ee728b)  -> (artifact id: 'd0bd21809ab4ddde797b399fa913e72c') in 0.015176 seconds 
========================================================================
Received Prepare
Registering precompiled user dll's ...
Registered in 0.005911 seconds.
Begin MonoManager ReloadAssembly
Native extension for WindowsStandalone target not found
Refreshing native plugins compatible for Editor in 0.60 ms, found 4 plugins.
Preloading 0 native plugins for Editor in 0.00 ms.
Mono: successfully reloaded assembly
- Completed reload, in  1.654 seconds
Domain Reload Profiling:
	ReloadAssembly (1655ms)
		BeginReloadAssembly (235ms)
			ExecutionOrderSort (0ms)
			DisableScriptedObjects (12ms)
			BackupInstance (0ms)
			ReleaseScriptingObjects (0ms)
			CreateAndSetChildDomain (46ms)
		EndReloadAssembly (1286ms)
			LoadAssemblies (159ms)
			RebuildTransferFunctionScriptingTraits (0ms)
			SetupTypeCache (375ms)
			ReleaseScriptCaches (3ms)
			RebuildScriptCaches (46ms)
			SetupLoadedEditorAssemblies (707ms)
				LogAssemblyErrors (0ms)
				InitializePlatformSupportModulesInManaged (11ms)
				SetLoadedEditorAssemblies (1ms)
				RefreshPlugins (1ms)
				BeforeProcessingInitializeOnLoad (83ms)
				ProcessInitializeOnLoadAttributes (559ms)
				ProcessInitializeOnLoadMethodAttributes (32ms)
				AfterProcessingInitializeOnLoad (21ms)
				EditorAssembliesLoaded (0ms)
			ExecutionOrderSort2 (0ms)
			AwakeInstancesAfterBackupRestoration (12ms)
Platform modules already initialized, skipping
Refreshing native plugins compatible for Editor in 1.88 ms, found 4 plugins.
Preloading 0 native plugins for Editor in 0.00 ms.
Unloading 3458 Unused Serialized files (Serialized files now loaded: 0)
Unloading 23 unused Assets / (74.4 KB). Loaded Objects now: 3923.
Memory consumption went from 120.2 MB to 120.1 MB.
Total: 4.077900 ms (FindLiveObjects: 0.239400 ms CreateObjectMapping: 0.327200 ms MarkObjects: 3.435300 ms  DeleteObjects: 0.074800 ms)

AssetImportParameters requested are different than current active one (requested -> active):
  custom:video-decoder-ogg-theora: a1e56fd34408186e4bbccfd4996cb3dc -> 
  custom:container-muxer-webm: aa71ff27fc2769a1b78a27578f13a17b -> 
  custom:container-demuxer-webm: 4f35f7cbe854078d1ac9338744f61a02 -> 
  custom:video-encoder-webm-vp8: eb34c28f22e8b96e1ab97ce403110664 -> 
  custom:video-codec-MediaFoundation-h265: 746d11721c4dcdbdad8f713fa42b33f4 -> 
  custom:audio-encoder-webm-vorbis: bf7c407c2cedff20999df2af8eb42d56 -> 
  custom:framework-win-MediaFoundation: 216162199b28c13a410421893ffa2e32 -> 
  custom:container-demuxer-ogg: 62fdf1f143b41e24485cea50d1cbac27 -> 
  custom:video-decoder-webm-vp8: 9c59270c3fd7afecdb556c50c9e8de78 -> 
  custom:audio-decoder-ogg-vorbis: bf7c407c2cedff20999df2af8eb42d56 -> 
========================================================================
Received Import Request.
  Time since last request: 42.076525 seconds.
  path: Assets/PaperPlaneTools/ARMarker/Demo/Resources
  artifactKey: Guid(eca9ddf6be5ac420ea3e8f0611035ece) Importer(815301076,1909f56bfc062723c751e8b465ee728b)
Start importing Assets/PaperPlaneTools/ARMarker/Demo/Resources using Guid(eca9ddf6be5ac420ea3e8f0611035ece) Importer(815301076,1909f56bfc062723c751e8b465ee728b)  -> (artifact id: '9751f33906bf5f472b71bff8a35400d3') in 0.019460 seconds 
========================================================================
Received Import Request.
  Time since last request: 0.027140 seconds.
  path: Assets/PaperPlaneTools/ARMarker/Demo/Resources/char_1.prefab
  artifactKey: Guid(2cd155db0d1184f53b38a39be9667f6f) Importer(815301076,1909f56bfc062723c751e8b465ee728b)
Start importing Assets/PaperPlaneTools/ARMarker/Demo/Resources/char_1.prefab using Guid(2cd155db0d1184f53b38a39be9667f6f) Importer(815301076,1909f56bfc062723c751e8b465ee728b)  -> (artifact id: '20cf1b59c2af0d4f0d4220044730393a') in 0.417497 seconds 
========================================================================
Received Import Request.
  Time since last request: 0.000022 seconds.
  path: Assets/PaperPlaneTools/ARMarker/Demo/Resources/char_2.prefab
  artifactKey: Guid(0677871dc074142beb6deba55e316d31) Importer(815301076,1909f56bfc062723c751e8b465ee728b)
Start importing Assets/PaperPlaneTools/ARMarker/Demo/Resources/char_2.prefab using Guid(0677871dc074142beb6deba55e316d31) Importer(815301076,1909f56bfc062723c751e8b465ee728b)  -> (artifact id: 'b424ab46d26308dbf749213fd1f547ef') in 0.462528 seconds 
========================================================================
Received Import Request.
  Time since last request: 4.469834 seconds.
  path: Assets/PaperPlaneTools/ARMarker/Documentation/DemoMarkers.png
  artifactKey: Guid(31f372a6468b044139afbf891292bc27) Importer(815301076,1909f56bfc062723c751e8b465ee728b)
Start importing Assets/PaperPlaneTools/ARMarker/Documentation/DemoMarkers.png using Guid(31f372a6468b044139afbf891292bc27) Importer(815301076,1909f56bfc062723c751e8b465ee728b) Requested RenderTexture with sRGB format. sRGB formats are not supported in gamma mode, fallback to a UNorm format. Use a UNorm format instead of sRGB to silence this warning.
UnityEngine.StackTraceUtility:ExtractStackTrace ()
UnityEngine.Graphics:Blit (UnityEngine.Texture,UnityEngine.RenderTexture)
UnityEditor.TextureInspector:RenderStaticPreview (string,UnityEngine.Object[],int,int)
UnityEditor.AssetPreviewUpdater:CreatePreview (UnityEngine.Object,UnityEngine.Object[],string,int,int)
UnityEditor.AssetPreviewUpdater:CreatePreviewForAsset (UnityEngine.Object,UnityEngine.Object[],string)

[C:\build\output\unity\unity\Runtime\Graphics\RenderTexture.cpp line 1078]

Requested RenderTexture with sRGB format. sRGB formats are not supported in gamma mode, fallback to a UNorm format. Use a UNorm format instead of sRGB to silence this warning.
UnityEngine.StackTraceUtility:ExtractStackTrace ()
UnityEngine.Graphics:Blit (UnityEngine.Texture,UnityEngine.RenderTexture)
UnityEditor.TextureInspector:RenderStaticPreview (string,UnityEngine.Object[],int,int)
UnityEditor.AssetPreviewUpdater:CreatePreview (UnityEngine.Object,UnityEngine.Object[],string,int,int)
UnityEditor.AssetPreviewUpdater:CreatePreviewForAsset (UnityEngine.Object,UnityEngine.Object[],string)

[C:\build\output\unity\unity\Runtime\Graphics\RenderTexture.cpp line 1078]

 -> (artifact id: 'ea37116d9d58483c89f4e9d84e28a18b') in 0.072473 seconds 
========================================================================
Received Import Request.
  Time since last request: 7.764228 seconds.
  path: Assets/PaperPlaneTools/ARMarker/Documentation/Readme.txt
  artifactKey: Guid(3dab912ad3a184de385861432288931f) Importer(815301076,1909f56bfc062723c751e8b465ee728b)
Start importing Assets/PaperPlaneTools/ARMarker/Documentation/Readme.txt using Guid(3dab912ad3a184de385861432288931f) Importer(815301076,1909f56bfc062723c751e8b465ee728b)  -> (artifact id: '9d91d27e5bc99852ab5ed1f0e8df481b') in 0.021398 seconds 
========================================================================
Received Import Request.
  Time since last request: 64.262346 seconds.
  path: Assets/PaperPlaneTools/ARMarker/Documentation/Markers.zip
  artifactKey: Guid(06a90618e4c9a4ffb867837d636442b0) Importer(815301076,1909f56bfc062723c751e8b465ee728b)
Start importing Assets/PaperPlaneTools/ARMarker/Documentation/Markers.zip using Guid(06a90618e4c9a4ffb867837d636442b0) Importer(815301076,1909f56bfc062723c751e8b465ee728b)  -> (artifact id: '0773d1cc5e9b5444abaa2caf8e5851e9') in 0.018776 seconds 
========================================================================
Received Import Request.
  Time since last request: 108.127663 seconds.
  path: Assets/Cube.prefab
  artifactKey: Guid(ea2607701010cd041be77ed6995a2b7d) Importer(815301076,1909f56bfc062723c751e8b465ee728b)
Start importing Assets/Cube.prefab using Guid(ea2607701010cd041be77ed6995a2b7d) Importer(815301076,1909f56bfc062723c751e8b465ee728b)  -> (artifact id: '6bb83ad10f0ee94f982a1637afc29057') in 0.052324 seconds 
========================================================================
Received Prepare
Registering precompiled user dll's ...
Registered in 0.005492 seconds.
Begin MonoManager ReloadAssembly
Native extension for WindowsStandalone target not found
Refreshing native plugins compatible for Editor in 0.49 ms, found 4 plugins.
Preloading 0 native plugins for Editor in 0.00 ms.
Mono: successfully reloaded assembly
- Completed reload, in  1.644 seconds
Domain Reload Profiling:
	ReloadAssembly (1647ms)
		BeginReloadAssembly (214ms)
			ExecutionOrderSort (0ms)
			DisableScriptedObjects (5ms)
			BackupInstance (0ms)
			ReleaseScriptingObjects (0ms)
			CreateAndSetChildDomain (45ms)
		EndReloadAssembly (1286ms)
			LoadAssemblies (145ms)
			RebuildTransferFunctionScriptingTraits (0ms)
			SetupTypeCache (317ms)
			ReleaseScriptCaches (1ms)
			RebuildScriptCaches (77ms)
			SetupLoadedEditorAssemblies (645ms)
				LogAssemblyErrors (0ms)
				InitializePlatformSupportModulesInManaged (7ms)
				SetLoadedEditorAssemblies (0ms)
				RefreshPlugins (1ms)
				BeforeProcessingInitializeOnLoad (82ms)
				ProcessInitializeOnLoadAttributes (515ms)
				ProcessInitializeOnLoadMethodAttributes (21ms)
				AfterProcessingInitializeOnLoad (19ms)
				EditorAssembliesLoaded (0ms)
			ExecutionOrderSort2 (0ms)
			AwakeInstancesAfterBackupRestoration (18ms)
Platform modules already initialized, skipping
Refreshing native plugins compatible for Editor in 3.96 ms, found 4 plugins.
Preloading 0 native plugins for Editor in 0.00 ms.
Unloading 3458 Unused Serialized files (Serialized files now loaded: 0)
Unloading 23 unused Assets / (74.3 KB). Loaded Objects now: 3938.
Memory consumption went from 124.8 MB to 124.7 MB.
Total: 2.777200 ms (FindLiveObjects: 0.221600 ms CreateObjectMapping: 0.151500 ms MarkObjects: 2.329300 ms  DeleteObjects: 0.074000 ms)

AssetImportParameters requested are different than current active one (requested -> active):
  custom:video-decoder-ogg-theora: a1e56fd34408186e4bbccfd4996cb3dc -> 
  custom:container-muxer-webm: aa71ff27fc2769a1b78a27578f13a17b -> 
  custom:container-demuxer-webm: 4f35f7cbe854078d1ac9338744f61a02 -> 
  custom:video-encoder-webm-vp8: eb34c28f22e8b96e1ab97ce403110664 -> 
  custom:video-codec-MediaFoundation-h265: 746d11721c4dcdbdad8f713fa42b33f4 -> 
  custom:audio-encoder-webm-vorbis: bf7c407c2cedff20999df2af8eb42d56 -> 
  custom:framework-win-MediaFoundation: 216162199b28c13a410421893ffa2e32 -> 
  custom:container-demuxer-ogg: 62fdf1f143b41e24485cea50d1cbac27 -> 
  custom:video-decoder-webm-vp8: 9c59270c3fd7afecdb556c50c9e8de78 -> 
  custom:audio-decoder-ogg-vorbis: bf7c407c2cedff20999df2af8eb42d56 -> 
========================================================================
Received Import Request.
  Time since last request: 99.092235 seconds.
  path: Assets/PaperPlaneTools/ARMarker/Scripts
  artifactKey: Guid(b71a7946835bf414abf9a272cab8727a) Importer(815301076,1909f56bfc062723c751e8b465ee728b)
Start importing Assets/PaperPlaneTools/ARMarker/Scripts using Guid(b71a7946835bf414abf9a272cab8727a) Importer(815301076,1909f56bfc062723c751e8b465ee728b)  -> (artifact id: 'a332ad8230a45f5f9724f58cd0b97e95') in 0.016994 seconds 
========================================================================
Received Import Request.
  Time since last request: 1.494649 seconds.
  path: Assets/PaperPlaneTools/ARMarker/Scripts/MainScript.cs
  artifactKey: Guid(cb2d233565a224e7fb9f7a98cea9e3a2) Importer(815301076,1909f56bfc062723c751e8b465ee728b)
Start importing Assets/PaperPlaneTools/ARMarker/Scripts/MainScript.cs using Guid(cb2d233565a224e7fb9f7a98cea9e3a2) Importer(815301076,1909f56bfc062723c751e8b465ee728b)  -> (artifact id: '31056f309417ab9ef4477530c59a05c9') in 0.007917 seconds 
========================================================================
Received Prepare
Registering precompiled user dll's ...
Registered in 0.006897 seconds.
Begin MonoManager ReloadAssembly
Native extension for WindowsStandalone target not found
Refreshing native plugins compatible for Editor in 0.50 ms, found 4 plugins.
Preloading 0 native plugins for Editor in 0.00 ms.
Mono: successfully reloaded assembly
- Completed reload, in  1.450 seconds
Domain Reload Profiling:
	ReloadAssembly (1450ms)
		BeginReloadAssembly (168ms)
			ExecutionOrderSort (0ms)
			DisableScriptedObjects (7ms)
			BackupInstance (0ms)
			ReleaseScriptingObjects (0ms)
			CreateAndSetChildDomain (40ms)
		EndReloadAssembly (1169ms)
			LoadAssemblies (113ms)
			RebuildTransferFunctionScriptingTraits (0ms)
			SetupTypeCache (318ms)
			ReleaseScriptCaches (1ms)
			RebuildScriptCaches (60ms)
			SetupLoadedEditorAssemblies (620ms)
				LogAssemblyErrors (0ms)
				InitializePlatformSupportModulesInManaged (11ms)
				SetLoadedEditorAssemblies (1ms)
				RefreshPlugins (1ms)
				BeforeProcessingInitializeOnLoad (84ms)
				ProcessInitializeOnLoadAttributes (483ms)
				ProcessInitializeOnLoadMethodAttributes (22ms)
				AfterProcessingInitializeOnLoad (18ms)
				EditorAssembliesLoaded (0ms)
			ExecutionOrderSort2 (0ms)
			AwakeInstancesAfterBackupRestoration (12ms)
Platform modules already initialized, skipping
Refreshing native plugins compatible for Editor in 1.65 ms, found 4 plugins.
Preloading 0 native plugins for Editor in 0.00 ms.
Unloading 3458 Unused Serialized files (Serialized files now loaded: 0)
Unloading 23 unused Assets / (74.3 KB). Loaded Objects now: 3941.
Memory consumption went from 124.8 MB to 124.7 MB.
Total: 2.822800 ms (FindLiveObjects: 0.220200 ms CreateObjectMapping: 0.146500 ms MarkObjects: 2.380000 ms  DeleteObjects: 0.075400 ms)

AssetImportParameters requested are different than current active one (requested -> active):
  custom:video-decoder-ogg-theora: a1e56fd34408186e4bbccfd4996cb3dc -> 
  custom:container-muxer-webm: aa71ff27fc2769a1b78a27578f13a17b -> 
  custom:container-demuxer-webm: 4f35f7cbe854078d1ac9338744f61a02 -> 
  custom:video-encoder-webm-vp8: eb34c28f22e8b96e1ab97ce403110664 -> 
  custom:video-codec-MediaFoundation-h265: 746d11721c4dcdbdad8f713fa42b33f4 -> 
  custom:audio-encoder-webm-vorbis: bf7c407c2cedff20999df2af8eb42d56 -> 
  custom:framework-win-MediaFoundation: 216162199b28c13a410421893ffa2e32 -> 
  custom:container-demuxer-ogg: 62fdf1f143b41e24485cea50d1cbac27 -> 
  custom:video-decoder-webm-vp8: 9c59270c3fd7afecdb556c50c9e8de78 -> 
  custom:audio-decoder-ogg-vorbis: bf7c407c2cedff20999df2af8eb42d56 -> 
========================================================================
Received Import Request.
  Time since last request: 533.399969 seconds.
  path: Assets/PaperPlaneTools/ARMarker/Scripts/SceneScaler.cs
  artifactKey: Guid(b7d626953ff014bec8271e5c8441fd2e) Importer(815301076,1909f56bfc062723c751e8b465ee728b)
Start importing Assets/PaperPlaneTools/ARMarker/Scripts/SceneScaler.cs using Guid(b7d626953ff014bec8271e5c8441fd2e) Importer(815301076,1909f56bfc062723c751e8b465ee728b)  -> (artifact id: '1a8c4c0d9d8f8ff620b03a1c73288c6d') in 0.016841 seconds 
========================================================================
Received Import Request.
  Time since last request: 2.268806 seconds.
  path: Assets/PaperPlaneTools/ARMarker/Scripts/WebCamera.cs
  artifactKey: Guid(1c92411abecc44497a5721a83df79b04) Importer(815301076,1909f56bfc062723c751e8b465ee728b)
Start importing Assets/PaperPlaneTools/ARMarker/Scripts/WebCamera.cs using Guid(1c92411abecc44497a5721a83df79b04) Importer(815301076,1909f56bfc062723c751e8b465ee728b)  -> (artifact id: 'e13c1dcc8d6e382cb0820898a4880506') in 0.013683 seconds 
========================================================================
Received Prepare
Registering precompiled user dll's ...
Registered in 0.006434 seconds.
Begin MonoManager ReloadAssembly
Native extension for WindowsStandalone target not found
Refreshing native plugins compatible for Editor in 2.37 ms, found 4 plugins.
Preloading 0 native plugins for Editor in 0.00 ms.
Mono: successfully reloaded assembly
- Completed reload, in  1.642 seconds
Domain Reload Profiling:
	ReloadAssembly (1642ms)
		BeginReloadAssembly (203ms)
			ExecutionOrderSort (0ms)
			DisableScriptedObjects (10ms)
			BackupInstance (0ms)
			ReleaseScriptingObjects (0ms)
			CreateAndSetChildDomain (36ms)
		EndReloadAssembly (1329ms)
			LoadAssemblies (139ms)
			RebuildTransferFunctionScriptingTraits (0ms)
			SetupTypeCache (292ms)
			ReleaseScriptCaches (1ms)
			RebuildScriptCaches (44ms)
			SetupLoadedEditorAssemblies (813ms)
				LogAssemblyErrors (0ms)
				InitializePlatformSupportModulesInManaged (14ms)
				SetLoadedEditorAssemblies (0ms)
				RefreshPlugins (3ms)
				BeforeProcessingInitializeOnLoad (176ms)
				ProcessInitializeOnLoadAttributes (565ms)
				ProcessInitializeOnLoadMethodAttributes (35ms)
				AfterProcessingInitializeOnLoad (21ms)
				EditorAssembliesLoaded (0ms)
			ExecutionOrderSort2 (0ms)
			AwakeInstancesAfterBackupRestoration (14ms)
Platform modules already initialized, skipping
Refreshing native plugins compatible for Editor in 1.99 ms, found 4 plugins.
Preloading 0 native plugins for Editor in 0.00 ms.
Unloading 3458 Unused Serialized files (Serialized files now loaded: 0)
Unloading 23 unused Assets / (74.3 KB). Loaded Objects now: 3944.
Memory consumption went from 124.8 MB to 124.7 MB.
Total: 4.608400 ms (FindLiveObjects: 0.518900 ms CreateObjectMapping: 0.217400 ms MarkObjects: 3.793400 ms  DeleteObjects: 0.077600 ms)

AssetImportParameters requested are different than current active one (requested -> active):
  custom:video-decoder-ogg-theora: a1e56fd34408186e4bbccfd4996cb3dc -> 
  custom:container-muxer-webm: aa71ff27fc2769a1b78a27578f13a17b -> 
  custom:container-demuxer-webm: 4f35f7cbe854078d1ac9338744f61a02 -> 
  custom:video-encoder-webm-vp8: eb34c28f22e8b96e1ab97ce403110664 -> 
  custom:video-codec-MediaFoundation-h265: 746d11721c4dcdbdad8f713fa42b33f4 -> 
  custom:audio-encoder-webm-vorbis: bf7c407c2cedff20999df2af8eb42d56 -> 
  custom:framework-win-MediaFoundation: 216162199b28c13a410421893ffa2e32 -> 
  custom:container-demuxer-ogg: 62fdf1f143b41e24485cea50d1cbac27 -> 
  custom:video-decoder-webm-vp8: 9c59270c3fd7afecdb556c50c9e8de78 -> 
  custom:audio-decoder-ogg-vorbis: bf7c407c2cedff20999df2af8eb42d56 -> 
========================================================================
Received Prepare
Registering precompiled user dll's ...
Registered in 0.005331 seconds.
Begin MonoManager ReloadAssembly
Native extension for WindowsStandalone target not found
Refreshing native plugins compatible for Editor in 0.55 ms, found 4 plugins.
Preloading 0 native plugins for Editor in 0.00 ms.
Mono: successfully reloaded assembly
- Completed reload, in  1.668 seconds
Domain Reload Profiling:
	ReloadAssembly (1669ms)
		BeginReloadAssembly (224ms)
			ExecutionOrderSort (0ms)
			DisableScriptedObjects (6ms)
			BackupInstance (0ms)
			ReleaseScriptingObjects (0ms)
			CreateAndSetChildDomain (90ms)
		EndReloadAssembly (1322ms)
			LoadAssemblies (108ms)
			RebuildTransferFunctionScriptingTraits (0ms)
			SetupTypeCache (326ms)
			ReleaseScriptCaches (1ms)
			RebuildScriptCaches (51ms)
			SetupLoadedEditorAssemblies (779ms)
				LogAssemblyErrors (0ms)
				InitializePlatformSupportModulesInManaged (14ms)
				SetLoadedEditorAssemblies (1ms)
				RefreshPlugins (1ms)
				BeforeProcessingInitializeOnLoad (89ms)
				ProcessInitializeOnLoadAttributes (629ms)
				ProcessInitializeOnLoadMethodAttributes (23ms)
				AfterProcessingInitializeOnLoad (22ms)
				EditorAssembliesLoaded (0ms)
			ExecutionOrderSort2 (0ms)
			AwakeInstancesAfterBackupRestoration (15ms)
Platform modules already initialized, skipping
Refreshing native plugins compatible for Editor in 1.48 ms, found 4 plugins.
Preloading 0 native plugins for Editor in 0.00 ms.
Unloading 3458 Unused Serialized files (Serialized files now loaded: 0)
Unloading 23 unused Assets / (74.3 KB). Loaded Objects now: 3947.
Memory consumption went from 124.8 MB to 124.7 MB.
Total: 3.198200 ms (FindLiveObjects: 0.441100 ms CreateObjectMapping: 0.172100 ms MarkObjects: 2.502600 ms  DeleteObjects: 0.081600 ms)

AssetImportParameters requested are different than current active one (requested -> active):
  custom:video-decoder-ogg-theora: a1e56fd34408186e4bbccfd4996cb3dc -> 
  custom:container-muxer-webm: aa71ff27fc2769a1b78a27578f13a17b -> 
  custom:container-demuxer-webm: 4f35f7cbe854078d1ac9338744f61a02 -> 
  custom:video-encoder-webm-vp8: eb34c28f22e8b96e1ab97ce403110664 -> 
  custom:video-codec-MediaFoundation-h265: 746d11721c4dcdbdad8f713fa42b33f4 -> 
  custom:audio-encoder-webm-vorbis: bf7c407c2cedff20999df2af8eb42d56 -> 
  custom:framework-win-MediaFoundation: 216162199b28c13a410421893ffa2e32 -> 
  custom:container-demuxer-ogg: 62fdf1f143b41e24485cea50d1cbac27 -> 
  custom:video-decoder-webm-vp8: 9c59270c3fd7afecdb556c50c9e8de78 -> 
  custom:audio-decoder-ogg-vorbis: bf7c407c2cedff20999df2af8eb42d56 -> 
========================================================================
Received Import Request.
  Time since last request: 172.512156 seconds.
  path: Assets/PaperPlaneTools/ARMarker/Demo/Models
  artifactKey: Guid(7b750f03195ce4a4ebcff36404cd6ade) Importer(815301076,1909f56bfc062723c751e8b465ee728b)
Start importing Assets/PaperPlaneTools/ARMarker/Demo/Models using Guid(7b750f03195ce4a4ebcff36404cd6ade) Importer(815301076,1909f56bfc062723c751e8b465ee728b)  -> (artifact id: 'aee96ce40fe8b1380f43a5b4aa6ab5f8') in 0.015012 seconds 
========================================================================
Received Import Request.
  Time since last request: 1.045472 seconds.
  path: Assets/PaperPlaneTools/ARMarker/Demo/Models/char_2
  artifactKey: Guid(64169925ddec7440fb09e4b73db7085c) Importer(815301076,1909f56bfc062723c751e8b465ee728b)
Start importing Assets/PaperPlaneTools/ARMarker/Demo/Models/char_2 using Guid(64169925ddec7440fb09e4b73db7085c) Importer(815301076,1909f56bfc062723c751e8b465ee728b)  -> (artifact id: '677e41597d5bba474cc6f38ac221b9a3') in 0.005963 seconds 
========================================================================
Received Import Request.
  Time since last request: 0.060560 seconds.
  path: Assets/PaperPlaneTools/ARMarker/Demo/Models/char_2/char.fbx
  artifactKey: Guid(4f29fb54932dd443dbdee1dff7428cf8) Importer(815301076,1909f56bfc062723c751e8b465ee728b)
Start importing Assets/PaperPlaneTools/ARMarker/Demo/Models/char_2/char.fbx using Guid(4f29fb54932dd443dbdee1dff7428cf8) Importer(815301076,1909f56bfc062723c751e8b465ee728b)  -> (artifact id: '6a51908c2edaf0732041edaa933c23c1') in 0.317582 seconds 
