Using pre-set license
Built from '2021.3/staging' branch; Version is '2021.3.21f1 (1b156197d683) revision 1774945'; Using compiler version '192829333'; Build Type 'Release'
OS: 'Windows 10  (10.0.19045) 64bit Professional' Language: 'en' Physical Memory: 65360 MB
BatchMode: 1, IsHumanControllingUs: 0, StartBugReporterOnCrash: 0, Is64bit: 1, IsPro: 1

COMMAND LINE ARGUMENTS:
C:\Program Files\Unity\Hub\Editor\2021.3.21f1\Editor\Unity.exe
-adb2
-batchMode
-noUpm
-name
AssetImportWorker0
-projectPath
C:/Users/alitalo.roosa/Documents/GitHub/RnD-Unity/R&D
-logFile
Logs/AssetImportWorker0.log
-srvPort
55202
Successfully changed project path to: C:/Users/alitalo.roosa/Documents/GitHub/RnD-Unity/R&D
C:/Users/alitalo.roosa/Documents/GitHub/RnD-Unity/R&D
[UnityMemory] Configuration Parameters - Can be set up in boot.config
    "memorysetup-bucket-allocator-granularity=16"
    "memorysetup-bucket-allocator-bucket-count=8"
    "memorysetup-bucket-allocator-block-size=33554432"
    "memorysetup-bucket-allocator-block-count=8"
    "memorysetup-main-allocator-block-size=16777216"
    "memorysetup-thread-allocator-block-size=16777216"
    "memorysetup-gfx-main-allocator-block-size=16777216"
    "memorysetup-gfx-thread-allocator-block-size=16777216"
    "memorysetup-cache-allocator-block-size=4194304"
    "memorysetup-typetree-allocator-block-size=2097152"
    "memorysetup-profiler-bucket-allocator-granularity=16"
    "memorysetup-profiler-bucket-allocator-bucket-count=8"
    "memorysetup-profiler-bucket-allocator-block-size=33554432"
    "memorysetup-profiler-bucket-allocator-block-count=8"
    "memorysetup-profiler-allocator-block-size=16777216"
    "memorysetup-profiler-editor-allocator-block-size=1048576"
    "memorysetup-temp-allocator-size-main=16777216"
    "memorysetup-job-temp-allocator-block-size=2097152"
    "memorysetup-job-temp-allocator-block-size-background=1048576"
    "memorysetup-job-temp-allocator-reduction-small-platforms=262144"
    "memorysetup-temp-allocator-size-background-worker=32768"
    "memorysetup-temp-allocator-size-job-worker=262144"
    "memorysetup-temp-allocator-size-preload-manager=33554432"
    "memorysetup-temp-allocator-size-nav-mesh-worker=65536"
    "memorysetup-temp-allocator-size-audio-worker=65536"
    "memorysetup-temp-allocator-size-cloud-worker=32768"
    "memorysetup-temp-allocator-size-gi-baking-worker=262144"
    "memorysetup-temp-allocator-size-gfx=262144"
Player connection [16592] Host "[IP] 172.24.18.71 [Port] 0 [Flags] 2 [Guid] 2987639863 [EditorId] 2987639863 [Version] 1048832 [Id] WindowsEditor(7,GAMEDT-0032) [Debug] 1 [PackageName] WindowsEditor [ProjectName] Editor" joined multi-casting on [225.0.0.222:54997]...

Player connection [16592] Host "[IP] 172.24.18.71 [Port] 0 [Flags] 2 [Guid] 2987639863 [EditorId] 2987639863 [Version] 1048832 [Id] WindowsEditor(7,GAMEDT-0032) [Debug] 1 [PackageName] WindowsEditor [ProjectName] Editor" joined alternative multi-casting on [225.0.0.222:34997]...

Refreshing native plugins compatible for Editor in 206.54 ms, found 6 plugins.
Preloading 1 native plugins for Editor in 0.94 ms.
Initialize engine version: 2021.3.21f1 (1b156197d683)
[Subsystems] Discovering subsystems at path C:/Program Files/Unity/Hub/Editor/2021.3.21f1/Editor/Data/Resources/UnitySubsystems
[Subsystems] Discovering subsystems at path C:/Users/alitalo.roosa/Documents/GitHub/RnD-Unity/R&D/Assets
GfxDevice: creating device client; threaded=0; jobified=0
Direct3D:
    Version:  Direct3D 11.0 [level 11.1]
    Renderer: NVIDIA GeForce RTX 2080 Ti (ID=0x1e07)
    Vendor:   NVIDIA
    VRAM:     11041 MB
    Driver:   31.0.15.3619
Initialize mono
Mono path[0] = 'C:/Program Files/Unity/Hub/Editor/2021.3.21f1/Editor/Data/Managed'
Mono path[1] = 'C:/Program Files/Unity/Hub/Editor/2021.3.21f1/Editor/Data/MonoBleedingEdge/lib/mono/unityjit-win32'
Mono config path = 'C:/Program Files/Unity/Hub/Editor/2021.3.21f1/Editor/Data/MonoBleedingEdge/etc'
Using monoOptions --debugger-agent=transport=dt_socket,embedding=1,server=y,suspend=n,address=127.0.0.1:56548
Begin MonoManager ReloadAssembly
Registering precompiled unity dll's ...
Register platform support module: C:/Program Files/Unity/Hub/Editor/2021.3.21f1/Editor/Data/PlaybackEngines/WindowsStandaloneSupport/UnityEditor.WindowsStandalone.Extensions.dll
Registered in 0.006485 seconds.
Native extension for WindowsStandalone target not found
Refreshing native plugins compatible for Editor in 229.34 ms, found 6 plugins.
Preloading 1 native plugins for Editor in 0.18 ms.
Mono: successfully reloaded assembly
- Completed reload, in  0.885 seconds
Domain Reload Profiling:
	ReloadAssembly (886ms)
		BeginReloadAssembly (90ms)
			ExecutionOrderSort (0ms)
			DisableScriptedObjects (0ms)
			BackupInstance (0ms)
			ReleaseScriptingObjects (0ms)
			CreateAndSetChildDomain (1ms)
		EndReloadAssembly (699ms)
			LoadAssemblies (88ms)
			RebuildTransferFunctionScriptingTraits (0ms)
			SetupTypeCache (106ms)
			ReleaseScriptCaches (0ms)
			RebuildScriptCaches (35ms)
			SetupLoadedEditorAssemblies (489ms)
				LogAssemblyErrors (0ms)
				InitializePlatformSupportModulesInManaged (11ms)
				SetLoadedEditorAssemblies (0ms)
				RefreshPlugins (230ms)
				BeforeProcessingInitializeOnLoad (2ms)
				ProcessInitializeOnLoadAttributes (193ms)
				ProcessInitializeOnLoadMethodAttributes (53ms)
				AfterProcessingInitializeOnLoad (0ms)
				EditorAssembliesLoaded (0ms)
			ExecutionOrderSort2 (0ms)
			AwakeInstancesAfterBackupRestoration (0ms)
Platform modules already initialized, skipping
Registering precompiled user dll's ...
Registered in 0.011137 seconds.
Begin MonoManager ReloadAssembly
Symbol file LoadedFromMemory doesn't match image C:\Users\alitalo.roosa\Documents\GitHub\RnD-Unity\R&D\Library\PackageCache\com.unity.visualscripting@1.8.0\Editor\VisualScripting.Core\Dependencies\YamlDotNet\Unity.VisualScripting.YamlDotNet.dll
Symbol file LoadedFromMemory doesn't match image C:\Users\alitalo.roosa\Documents\GitHub\RnD-Unity\R&D\Library\PackageCache\com.unity.visualscripting@1.8.0\Editor\VisualScripting.Core\Dependencies\DotNetZip\Unity.VisualScripting.IonicZip.dll
Native extension for WindowsStandalone target not found
Refreshing native plugins compatible for Editor in 147.19 ms, found 6 plugins.
Preloading 1 native plugins for Editor in 0.10 ms.
Package Manager log level set to [2]
System.Reflection.TargetInvocationException: Exception has been thrown by the target of an invocation. ---> System.NullReferenceException: Object reference not set to an instance of an object
  at Unity.XR.Oculus.OculusLoader.AssetPathToAbsolutePath (System.String assetPath) [0x0003d] in C:\Users\alitalo.roosa\Documents\GitHub\RnD-Unity\R&D\Library\PackageCache\com.unity.xr.oculus@3.2.3\Runtime\OculusLoader.cs:296 
  at Unity.XR.Oculus.OculusLoader.EditorLoadOVRPlugin () [0x0007b] in C:\Users\alitalo.roosa\Documents\GitHub\RnD-Unity\R&D\Library\PackageCache\com.unity.xr.oculus@3.2.3\Runtime\OculusLoader.cs:281 
  at (wrapper managed-to-native) System.Reflection.RuntimeMethodInfo.InternalInvoke(System.Reflection.RuntimeMethodInfo,object,object[],System.Exception&)
  at System.Reflection.RuntimeMethodInfo.Invoke (System.Object obj, System.Reflection.BindingFlags invokeAttr, System.Reflection.Binder binder, System.Object[] parameters, System.Globalization.CultureInfo culture) [0x0006a] in <88e4733ac7bc4ae1b496735e6b83bbd3>:0 
   --- End of inner exception stack trace ---
  at System.Reflection.RuntimeMethodInfo.Invoke (System.Object obj, System.Reflection.BindingFlags invokeAttr, System.Reflection.Binder binder, System.Object[] parameters, System.Globalization.CultureInfo culture) [0x00083] in <88e4733ac7bc4ae1b496735e6b83bbd3>:0 
  at System.Reflection.MethodBase.Invoke (System.Object obj, System.Object[] parameters) [0x00000] in <88e4733ac7bc4ae1b496735e6b83bbd3>:0 
  at UnityEditor.EditorAssemblies.ProcessInitializeOnLoadMethodAttributes () [0x000a5] in <57a8ad0d1492436d8cfee9ba8e6618f8>:0 
UnityEngine.StackTraceUtility:ExtractStackTrace ()
UnityEngine.DebugLogHandler:LogFormat (UnityEngine.LogType,UnityEngine.Object,string,object[])
UnityEngine.Logger:Log (UnityEngine.LogType,object)
UnityEngine.Debug:LogError (object)
UnityEditor.EditorAssemblies:ProcessInitializeOnLoadMethodAttributes ()

Mono: successfully reloaded assembly
- Completed reload, in  1.806 seconds
Domain Reload Profiling:
	ReloadAssembly (1806ms)
		BeginReloadAssembly (114ms)
			ExecutionOrderSort (0ms)
			DisableScriptedObjects (5ms)
			BackupInstance (0ms)
			ReleaseScriptingObjects (0ms)
			CreateAndSetChildDomain (18ms)
		EndReloadAssembly (1583ms)
			LoadAssemblies (105ms)
			RebuildTransferFunctionScriptingTraits (0ms)
			SetupTypeCache (366ms)
			ReleaseScriptCaches (1ms)
			RebuildScriptCaches (94ms)
			SetupLoadedEditorAssemblies (981ms)
				LogAssemblyErrors (0ms)
				InitializePlatformSupportModulesInManaged (4ms)
				SetLoadedEditorAssemblies (0ms)
				RefreshPlugins (147ms)
				BeforeProcessingInitializeOnLoad (154ms)
				ProcessInitializeOnLoadAttributes (451ms)
				ProcessInitializeOnLoadMethodAttributes (213ms)
				AfterProcessingInitializeOnLoad (10ms)
				EditorAssembliesLoaded (0ms)
			ExecutionOrderSort2 (0ms)
			AwakeInstancesAfterBackupRestoration (7ms)
Platform modules already initialized, skipping
========================================================================
Worker process is ready to serve import requests
Launched and connected shader compiler UnityShaderCompiler.exe after 0.04 seconds
Refreshing native plugins compatible for Editor in 2.70 ms, found 6 plugins.
Preloading 1 native plugins for Editor in 0.28 ms.
Unloading 7197 Unused Serialized files (Serialized files now loaded: 0)
Unloading 63 unused Assets / (3.8 MB). Loaded Objects now: 7640.
Memory consumption went from 318.7 MB to 314.9 MB.
Total: 9.077000 ms (FindLiveObjects: 0.897800 ms CreateObjectMapping: 1.018200 ms MarkObjects: 5.825700 ms  DeleteObjects: 1.334200 ms)

AssetImportParameters requested are different than current active one (requested -> active):
  custom:video-decoder-ogg-theora: a1e56fd34408186e4bbccfd4996cb3dc -> 
  custom:container-muxer-webm: aa71ff27fc2769a1b78a27578f13a17b -> 
  custom:container-demuxer-webm: 4f35f7cbe854078d1ac9338744f61a02 -> 
  custom:video-encoder-webm-vp8: eb34c28f22e8b96e1ab97ce403110664 -> 
  custom:audio-encoder-webm-vorbis: bf7c407c2cedff20999df2af8eb42d56 -> 
  custom:framework-win-MediaFoundation: 216162199b28c13a410421893ffa2e32 -> 
  custom:container-demuxer-ogg: 62fdf1f143b41e24485cea50d1cbac27 -> 
  custom:video-decoder-webm-vp8: 9c59270c3fd7afecdb556c50c9e8de78 -> 
  custom:audio-decoder-ogg-vorbis: bf7c407c2cedff20999df2af8eb42d56 -> 
========================================================================
Received Import Request.
  Time since last request: 1698481.910655 seconds.
  path: Assets/Models/table_low.fbx
  artifactKey: Guid(31dbddcb7bfc36a4a88bbe777ab63984) Importer(815301076,1909f56bfc062723c751e8b465ee728b)
Start importing Assets/Models/table_low.fbx using Guid(31dbddcb7bfc36a4a88bbe777ab63984) Importer(815301076,1909f56bfc062723c751e8b465ee728b)  -> (artifact id: '7b4d2b01afe309f8b6ae00b3214a098c') in 2.651863 seconds 
========================================================================
Received Import Request.
  Time since last request: 0.000031 seconds.
  path: Assets/Models/table_high.fbx
  artifactKey: Guid(930845222c01f5846887f6cef32ef56f) Importer(815301076,1909f56bfc062723c751e8b465ee728b)
Start importing Assets/Models/table_high.fbx using Guid(930845222c01f5846887f6cef32ef56f) Importer(815301076,1909f56bfc062723c751e8b465ee728b)  -> (artifact id: '619e4553a66ae276f23770d91fd50ebb') in 0.087598 seconds 
========================================================================
Received Import Request.
  Time since last request: 34.480648 seconds.
  path: Assets/Models/chair_lowpoly.fbx
  artifactKey: Guid(556e8ec37d8aea844975ed80c592c485) Importer(815301076,1909f56bfc062723c751e8b465ee728b)
Start importing Assets/Models/chair_lowpoly.fbx using Guid(556e8ec37d8aea844975ed80c592c485) Importer(815301076,1909f56bfc062723c751e8b465ee728b)  -> (artifact id: '2d26bdbb7d2e6dfd90b190dce645b1ce') in 0.185090 seconds 
========================================================================
Received Import Request.
  Time since last request: 14.354041 seconds.
  path: Assets/Models/chair_low.fbx
  artifactKey: Guid(556e8ec37d8aea844975ed80c592c485) Importer(815301076,1909f56bfc062723c751e8b465ee728b)
Start importing Assets/Models/chair_low.fbx using Guid(556e8ec37d8aea844975ed80c592c485) Importer(815301076,1909f56bfc062723c751e8b465ee728b)  -> (artifact id: '5ca1f548c77c19b00e246c14da5d9e12') in 0.099932 seconds 
========================================================================
Received Import Request.
  Time since last request: 0.000038 seconds.
  path: Assets/Models/Wine_bottle.fbx
  artifactKey: Guid(2aafd9fc35795594db0121425c4954a1) Importer(815301076,1909f56bfc062723c751e8b465ee728b)
Start importing Assets/Models/Wine_bottle.fbx using Guid(2aafd9fc35795594db0121425c4954a1) Importer(815301076,1909f56bfc062723c751e8b465ee728b)  -> (artifact id: 'a9c288e75c8ca11c8433178a0bc0bea7') in 0.021065 seconds 
========================================================================
Received Import Request.
  Time since last request: 351.587919 seconds.
  path: Assets/Models/chair_lowpoly.fbx
  artifactKey: Guid(9c90e20e96a43cd409f6ab962d42402f) Importer(815301076,1909f56bfc062723c751e8b465ee728b)
Start importing Assets/Models/chair_lowpoly.fbx using Guid(9c90e20e96a43cd409f6ab962d42402f) Importer(815301076,1909f56bfc062723c751e8b465ee728b)  -> (artifact id: '49d42c65b281dc73e04b23d106b72795') in 0.051992 seconds 
========================================================================
Received Import Request.
  Time since last request: 4.895015 seconds.
  path: Assets/Models/chair_low.fbx
  artifactKey: Guid(9c90e20e96a43cd409f6ab962d42402f) Importer(815301076,1909f56bfc062723c751e8b465ee728b)
Start importing Assets/Models/chair_low.fbx using Guid(9c90e20e96a43cd409f6ab962d42402f) Importer(815301076,1909f56bfc062723c751e8b465ee728b)  -> (artifact id: '73033e958d4dfbde908fb8eec64787d6') in 0.051673 seconds 
========================================================================
Received Import Request.
  Time since last request: 0.000027 seconds.
  path: Assets/Models/Support.fbx
  artifactKey: Guid(b696ac7ffc14b794e9dc188e0ff2fb69) Importer(815301076,1909f56bfc062723c751e8b465ee728b)
Start importing Assets/Models/Support.fbx using Guid(b696ac7ffc14b794e9dc188e0ff2fb69) Importer(815301076,1909f56bfc062723c751e8b465ee728b)  -> (artifact id: 'e5c780fa72dfcc1004a8fb65514c0514') in 0.017071 seconds 
========================================================================
Received Import Request.
  Time since last request: 26.686607 seconds.
  path: Assets/Models
  artifactKey: Guid(b115b24bddaffcb47855b4d968e34dcb) Importer(815301076,1909f56bfc062723c751e8b465ee728b)
Start importing Assets/Models using Guid(b115b24bddaffcb47855b4d968e34dcb) Importer(815301076,1909f56bfc062723c751e8b465ee728b)  -> (artifact id: '8aaea9d05bc227e1f61950a806eef178') in 0.001377 seconds 
========================================================================
Received Import Request.
  Time since last request: 1.164825 seconds.
  path: Assets/Materials
  artifactKey: Guid(66c660db77076f04bbd3fe9e95ec8a53) Importer(815301076,1909f56bfc062723c751e8b465ee728b)
Start importing Assets/Materials using Guid(66c660db77076f04bbd3fe9e95ec8a53) Importer(815301076,1909f56bfc062723c751e8b465ee728b)  -> (artifact id: '19b8a8574e17e9a9a5673409a2899900') in 0.001239 seconds 
========================================================================
Received Import Request.
  Time since last request: 98.817693 seconds.
  path: Assets/Textures
  artifactKey: Guid(720d10c667e1a824690473f9060398b4) Importer(815301076,1909f56bfc062723c751e8b465ee728b)
Start importing Assets/Textures using Guid(720d10c667e1a824690473f9060398b4) Importer(815301076,1909f56bfc062723c751e8b465ee728b)  -> (artifact id: '3903938c6da48f671505ba22f6ace40e') in 0.002074 seconds 
========================================================================
Received Import Request.
  Time since last request: 14.712109 seconds.
  path: Assets/Textures/Chair_low_base
  artifactKey: Guid(9760aeba0873dc3459dc2af670584dd3) Importer(815301076,1909f56bfc062723c751e8b465ee728b)
Start importing Assets/Textures/Chair_low_base using Guid(9760aeba0873dc3459dc2af670584dd3) Importer(815301076,1909f56bfc062723c751e8b465ee728b)  -> (artifact id: '2292b106b77a675ac0344b6d21ab57ce') in 0.001431 seconds 
========================================================================
Received Import Request.
  Time since last request: 2.147895 seconds.
  path: Assets/Textures/Chair_low_base/Chair_low_base
  artifactKey: Guid(3a4650e433f933f4ea9eaefabe25794e) Importer(815301076,1909f56bfc062723c751e8b465ee728b)
Start importing Assets/Textures/Chair_low_base/Chair_low_base using Guid(3a4650e433f933f4ea9eaefabe25794e) Importer(815301076,1909f56bfc062723c751e8b465ee728b)  -> (artifact id: '84e51ec5d48d80006ebc3a77c3a26e6d') in 0.001049 seconds 
========================================================================
Received Import Request.
  Time since last request: 9.593374 seconds.
  path: Assets/Textures/Floor
  artifactKey: Guid(c4a7d8b85446b044b85eaa2600172eb6) Importer(815301076,1909f56bfc062723c751e8b465ee728b)
Start importing Assets/Textures/Floor using Guid(c4a7d8b85446b044b85eaa2600172eb6) Importer(815301076,1909f56bfc062723c751e8b465ee728b)  -> (artifact id: '947644c3ce7119dcbd9dd9d90daadeb0') in 0.001675 seconds 
========================================================================
Received Import Request.
  Time since last request: 0.737182 seconds.
  path: Assets/Textures/Chair_low_base/Chair_low_wood
  artifactKey: Guid(3a4650e433f933f4ea9eaefabe25794e) Importer(815301076,1909f56bfc062723c751e8b465ee728b)
Start importing Assets/Textures/Chair_low_base/Chair_low_wood using Guid(3a4650e433f933f4ea9eaefabe25794e) Importer(815301076,1909f56bfc062723c751e8b465ee728b)  -> (artifact id: '93e415c5f8af33f4a598c7f8d17d2a81') in 0.001440 seconds 
========================================================================
Received Import Request.
  Time since last request: 124.183471 seconds.
  path: Assets/Textures/Chair_low_base/chair_low_base_DefaultMaterial_Roughness.png
  artifactKey: Guid(b51e9eae051c88c418bd4295c600177e) Importer(815301076,1909f56bfc062723c751e8b465ee728b)
Start importing Assets/Textures/Chair_low_base/chair_low_base_DefaultMaterial_Roughness.png using Guid(b51e9eae051c88c418bd4295c600177e) Importer(815301076,1909f56bfc062723c751e8b465ee728b)  -> (artifact id: '9ac0ede814da9849bff4996b1f89e049') in 0.055962 seconds 
========================================================================
Received Import Request.
  Time since last request: 3.165205 seconds.
  path: Assets/Textures/Chair_low_base/chair_low_base_DefaultMaterial_Metallic.png
  artifactKey: Guid(aaf043b5daf9fc445a22554eedeabf4e) Importer(815301076,1909f56bfc062723c751e8b465ee728b)
Start importing Assets/Textures/Chair_low_base/chair_low_base_DefaultMaterial_Metallic.png using Guid(aaf043b5daf9fc445a22554eedeabf4e) Importer(815301076,1909f56bfc062723c751e8b465ee728b)  -> (artifact id: 'c13302b886fab26f194592a82a44090e') in 0.007204 seconds 
========================================================================
Received Import Request.
  Time since last request: 14.390757 seconds.
  path: Assets/Textures/Chair_low_base/chair_low_base_MaskMap.png
  artifactKey: Guid(aaf043b5daf9fc445a22554eedeabf4e) Importer(815301076,1909f56bfc062723c751e8b465ee728b)
Start importing Assets/Textures/Chair_low_base/chair_low_base_MaskMap.png using Guid(aaf043b5daf9fc445a22554eedeabf4e) Importer(815301076,1909f56bfc062723c751e8b465ee728b)  -> (artifact id: 'b00f5a115e50f04ee0d9ef3dc5e4c452') in 0.011084 seconds 
========================================================================
Received Import Request.
  Time since last request: 0.803465 seconds.
  path: Assets/Textures/Chair_low_base/chair_low_base_DefaultMaterial_Normal.png
  artifactKey: Guid(955b83088392faa4abf07c8fc7ec44f3) Importer(815301076,1909f56bfc062723c751e8b465ee728b)
Start importing Assets/Textures/Chair_low_base/chair_low_base_DefaultMaterial_Normal.png using Guid(955b83088392faa4abf07c8fc7ec44f3) Importer(815301076,1909f56bfc062723c751e8b465ee728b)  -> (artifact id: '7f90ab0c6e0ccb96e353e71c700f85a7') in 0.007055 seconds 
========================================================================
Received Import Request.
  Time since last request: 8.429571 seconds.
  path: Assets/Textures/Chair_low_base/chair_low_base_Normal.png
  artifactKey: Guid(955b83088392faa4abf07c8fc7ec44f3) Importer(815301076,1909f56bfc062723c751e8b465ee728b)
Start importing Assets/Textures/Chair_low_base/chair_low_base_Normal.png using Guid(955b83088392faa4abf07c8fc7ec44f3) Importer(815301076,1909f56bfc062723c751e8b465ee728b)  -> (artifact id: 'e50811428035306f4da793179b6a0d20') in 0.009798 seconds 
========================================================================
Received Import Request.
  Time since last request: 0.025207 seconds.
  path: Assets/Textures/Chair_low_base/chair_low_base_DefaultMaterial_BaseColor.png
  artifactKey: Guid(2caff24d9abd2a142a5d52d1a2b795c8) Importer(815301076,1909f56bfc062723c751e8b465ee728b)
Start importing Assets/Textures/Chair_low_base/chair_low_base_DefaultMaterial_BaseColor.png using Guid(2caff24d9abd2a142a5d52d1a2b795c8) Importer(815301076,1909f56bfc062723c751e8b465ee728b)  -> (artifact id: '65aa74dc8ab141e0c337a7ea1f44d545') in 0.008855 seconds 
========================================================================
Received Import Request.
  Time since last request: 10.132982 seconds.
  path: Assets/Textures/Chair_low_base/chair_low_base_BaseMap.png
  artifactKey: Guid(2caff24d9abd2a142a5d52d1a2b795c8) Importer(815301076,1909f56bfc062723c751e8b465ee728b)
Start importing Assets/Textures/Chair_low_base/chair_low_base_BaseMap.png using Guid(2caff24d9abd2a142a5d52d1a2b795c8) Importer(815301076,1909f56bfc062723c751e8b465ee728b)  -> (artifact id: '4ceff890582f788e551cb4ecfc5f14bb') in 0.010714 seconds 
========================================================================
Received Import Request.
  Time since last request: 0.029147 seconds.
  path: Assets/Textures/Chair_low_wood/chair_low_wood_DefaultMaterial_Metallic.png
  artifactKey: Guid(fd5d044bafc873546b8c2dea73985fa8) Importer(815301076,1909f56bfc062723c751e8b465ee728b)
Start importing Assets/Textures/Chair_low_wood/chair_low_wood_DefaultMaterial_Metallic.png using Guid(fd5d044bafc873546b8c2dea73985fa8) Importer(815301076,1909f56bfc062723c751e8b465ee728b)  -> (artifact id: '245d3f22ea4158ff336381fa9227388e') in 0.007171 seconds 
========================================================================
Received Import Request.
  Time since last request: 1.036095 seconds.
  path: Assets/Textures/Chair_low_wood/chair_low_wood_DefaultMaterial_Normal.png
  artifactKey: Guid(ddc1aed248e3a3c43b429785e28c4e86) Importer(815301076,1909f56bfc062723c751e8b465ee728b)
Start importing Assets/Textures/Chair_low_wood/chair_low_wood_DefaultMaterial_Normal.png using Guid(ddc1aed248e3a3c43b429785e28c4e86) Importer(815301076,1909f56bfc062723c751e8b465ee728b)  -> (artifact id: 'bfeb79988b7f5863f0753acff2d70492') in 0.007014 seconds 
========================================================================
Received Import Request.
  Time since last request: 0.611550 seconds.
  path: Assets/Textures/Chair_low_wood/chair_low_wood_DefaultMaterial_Roughness.png
  artifactKey: Guid(13e7915cd0244c840913c95466bf7651) Importer(815301076,1909f56bfc062723c751e8b465ee728b)
Start importing Assets/Textures/Chair_low_wood/chair_low_wood_DefaultMaterial_Roughness.png using Guid(13e7915cd0244c840913c95466bf7651) Importer(815301076,1909f56bfc062723c751e8b465ee728b)  -> (artifact id: 'd6b6a03931cd545edf0dbb3ba9de792d') in 0.007115 seconds 
========================================================================
Received Import Request.
  Time since last request: 3.519448 seconds.
  path: Assets/Textures/Chair_low_wood/chair_low_wood_DefaultMaterial_BaseColor.png
  artifactKey: Guid(4cfb54a6d0dad4b48ad842b4583acfff) Importer(815301076,1909f56bfc062723c751e8b465ee728b)
Start importing Assets/Textures/Chair_low_wood/chair_low_wood_DefaultMaterial_BaseColor.png using Guid(4cfb54a6d0dad4b48ad842b4583acfff) Importer(815301076,1909f56bfc062723c751e8b465ee728b)  -> (artifact id: '201b0f462a8d1529b06f48d572365392') in 0.008970 seconds 
========================================================================
Received Import Request.
  Time since last request: 9.039828 seconds.
  path: Assets/Textures/Chair_low_wood/chair_low_wood_BaseMap.png
  artifactKey: Guid(4cfb54a6d0dad4b48ad842b4583acfff) Importer(815301076,1909f56bfc062723c751e8b465ee728b)
Start importing Assets/Textures/Chair_low_wood/chair_low_wood_BaseMap.png using Guid(4cfb54a6d0dad4b48ad842b4583acfff) Importer(815301076,1909f56bfc062723c751e8b465ee728b)  -> (artifact id: 'ec033de068477f400a723b30fe9f2254') in 0.010984 seconds 
========================================================================
Received Import Request.
  Time since last request: 14.330224 seconds.
  path: Assets/Textures/Chair_low_wood/chair_low_wood_MaskMap.png
  artifactKey: Guid(fd5d044bafc873546b8c2dea73985fa8) Importer(815301076,1909f56bfc062723c751e8b465ee728b)
Start importing Assets/Textures/Chair_low_wood/chair_low_wood_MaskMap.png using Guid(fd5d044bafc873546b8c2dea73985fa8) Importer(815301076,1909f56bfc062723c751e8b465ee728b)  -> (artifact id: '1ccd1147ac6b4b7d26a72d4b58bdd13d') in 0.009134 seconds 
========================================================================
Received Import Request.
  Time since last request: 11.924688 seconds.
  path: Assets/Textures/Chair_low_wood/chair_low_wood_Normal.png
  artifactKey: Guid(ddc1aed248e3a3c43b429785e28c4e86) Importer(815301076,1909f56bfc062723c751e8b465ee728b)
Start importing Assets/Textures/Chair_low_wood/chair_low_wood_Normal.png using Guid(ddc1aed248e3a3c43b429785e28c4e86) Importer(815301076,1909f56bfc062723c751e8b465ee728b)  -> (artifact id: 'f8627c86c23f7adf995ee03497c89f51') in 0.008524 seconds 
========================================================================
Received Import Request.
  Time since last request: 220.450510 seconds.
  path: Assets/Textures/Floor/floor_Material_MaskMap.png
  artifactKey: Guid(9f489aa29a0a660478a29b23044aa46d) Importer(815301076,1909f56bfc062723c751e8b465ee728b)
Start importing Assets/Textures/Floor/floor_Material_MaskMap.png using Guid(9f489aa29a0a660478a29b23044aa46d) Importer(815301076,1909f56bfc062723c751e8b465ee728b)  -> (artifact id: 'd8da632cfc5228df92e9a1613f41e0cb') in 0.011827 seconds 
========================================================================
Received Import Request.
  Time since last request: 10.552404 seconds.
  path: Assets/Textures/Chair_low_base/floor_Material_MaskMap.png
  artifactKey: Guid(6d14ccee79eb60644b8725cd133f034d) Importer(815301076,1909f56bfc062723c751e8b465ee728b)
Start importing Assets/Textures/Chair_low_base/floor_Material_MaskMap.png using Guid(6d14ccee79eb60644b8725cd133f034d) Importer(815301076,1909f56bfc062723c751e8b465ee728b)  -> (artifact id: '5e0900dbbef2acf01b36cc11d485b1e8') in 0.007051 seconds 
========================================================================
Received Import Request.
  Time since last request: 19.210491 seconds.
  path: Assets/Textures/Chair_low_base/chair_low_base_MaskMap.png
  artifactKey: Guid(6d14ccee79eb60644b8725cd133f034d) Importer(815301076,1909f56bfc062723c751e8b465ee728b)
Start importing Assets/Textures/Chair_low_base/chair_low_base_MaskMap.png using Guid(6d14ccee79eb60644b8725cd133f034d) Importer(815301076,1909f56bfc062723c751e8b465ee728b)  -> (artifact id: 'b9b8b0ec349849d8483832506df585d5') in 0.007682 seconds 
========================================================================
Received Import Request.
  Time since last request: 661.016441 seconds.
  path: Assets/Models/floor.fbx
  artifactKey: Guid(10ac1cb939742bd4f86a58bc3d9f22e5) Importer(815301076,1909f56bfc062723c751e8b465ee728b)
Start importing Assets/Models/floor.fbx using Guid(10ac1cb939742bd4f86a58bc3d9f22e5) Importer(815301076,1909f56bfc062723c751e8b465ee728b)  -> (artifact id: 'a1c7d9540927ad6ca71afa8155b20c2b') in 0.043431 seconds 
========================================================================
Received Import Request.
  Time since last request: 55.958638 seconds.
  path: Assets/Models/chair_lowpoly.fbx
  artifactKey: Guid(d754c7402cc36954d886638b6d3e714c) Importer(815301076,1909f56bfc062723c751e8b465ee728b)
Start importing Assets/Models/chair_lowpoly.fbx using Guid(d754c7402cc36954d886638b6d3e714c) Importer(815301076,1909f56bfc062723c751e8b465ee728b)  -> (artifact id: 'f1278f1fb1938bf56660a483957deebc') in 0.051439 seconds 
========================================================================
Received Import Request.
  Time since last request: 3.666879 seconds.
  path: Assets/Models/chair_low.fbx
  artifactKey: Guid(d754c7402cc36954d886638b6d3e714c) Importer(815301076,1909f56bfc062723c751e8b465ee728b)
Start importing Assets/Models/chair_low.fbx using Guid(d754c7402cc36954d886638b6d3e714c) Importer(815301076,1909f56bfc062723c751e8b465ee728b)  -> (artifact id: '37d4af52058b2d95295ce9a71b4cb75d') in 0.061449 seconds 
========================================================================
Received Import Request.
  Time since last request: 2.718835 seconds.
  path: Assets/Models/Supportbeam.fbx
  artifactKey: Guid(9750d071be29c1a45a705079a584e07c) Importer(815301076,1909f56bfc062723c751e8b465ee728b)
Start importing Assets/Models/Supportbeam.fbx using Guid(9750d071be29c1a45a705079a584e07c) Importer(815301076,1909f56bfc062723c751e8b465ee728b)  -> (artifact id: '2bbe1d48112b3d357742b74ba5016315') in 0.017778 seconds 
========================================================================
Received Import Request.
  Time since last request: 575.404971 seconds.
  path: Assets/Models/chair_low.prefab
  artifactKey: Guid(31548ad7cfd1ba14ba67ced5e693f1e9) Importer(815301076,1909f56bfc062723c751e8b465ee728b)
Start importing Assets/Models/chair_low.prefab using Guid(31548ad7cfd1ba14ba67ced5e693f1e9) Importer(815301076,1909f56bfc062723c751e8b465ee728b)  -> (artifact id: 'bb0f7ea72f3df1805a3405a84decbbae') in 0.470465 seconds 
========================================================================
Received Import Request.
  Time since last request: 0.668674 seconds.
  path: Assets/Models/Lantern.fbx
  artifactKey: Guid(d38473a7983821646af2907fb7418993) Importer(815301076,1909f56bfc062723c751e8b465ee728b)
Start importing Assets/Models/Lantern.fbx using Guid(d38473a7983821646af2907fb7418993) Importer(815301076,1909f56bfc062723c751e8b465ee728b)  -> (artifact id: 'a651831912b3a8a739a4862805b4ae9e') in 0.024650 seconds 
========================================================================
Received Import Request.
  Time since last request: 159.544463 seconds.
  path: Assets/Prefabs/chair_low.prefab
  artifactKey: Guid(aea6cbf6fa9004544b78ca2a9ed1200f) Importer(815301076,1909f56bfc062723c751e8b465ee728b)
Start importing Assets/Prefabs/chair_low.prefab using Guid(aea6cbf6fa9004544b78ca2a9ed1200f) Importer(815301076,1909f56bfc062723c751e8b465ee728b)  -> (artifact id: '2046cb4f2695a3769bab4ee060494948') in 0.026914 seconds 
========================================================================
Received Import Request.
  Time since last request: 33.253563 seconds.
  path: Assets/Scenes/Assets.unity
  artifactKey: Guid(0a52084d9da74ba40918e7f462490b76) Importer(815301076,1909f56bfc062723c751e8b465ee728b)
Start importing Assets/Scenes/Assets.unity using Guid(0a52084d9da74ba40918e7f462490b76) Importer(815301076,1909f56bfc062723c751e8b465ee728b)  -> (artifact id: '3551dcb65d9afdebef5a1e7c7bdb3c70') in 0.001610 seconds 
========================================================================
Received Import Request.
  Time since last request: 44.542579 seconds.
  path: Assets/Scenes/Menu.unity
  artifactKey: Guid(fc7b8c03f058c0145a4392d6cef1c686) Importer(815301076,1909f56bfc062723c751e8b465ee728b)
Start importing Assets/Scenes/Menu.unity using Guid(fc7b8c03f058c0145a4392d6cef1c686) Importer(815301076,1909f56bfc062723c751e8b465ee728b)  -> (artifact id: 'ea1320a355b02327960806ccf3f28049') in 0.001429 seconds 
========================================================================
Received Import Request.
  Time since last request: 6.333704 seconds.
  path: Assets/Scenes/Server.unity
  artifactKey: Guid(4c2418fa40a75194aaa20ee67ec509af) Importer(815301076,1909f56bfc062723c751e8b465ee728b)
Start importing Assets/Scenes/Server.unity using Guid(4c2418fa40a75194aaa20ee67ec509af) Importer(815301076,1909f56bfc062723c751e8b465ee728b)  -> (artifact id: '6a0be119e13f37919ad8ece789c9d6d7') in 0.001178 seconds 
========================================================================
Received Import Request.
  Time since last request: 11.287540 seconds.
  path: Assets/Scenes/Menu.unity
  artifactKey: Guid(fc7b8c03f058c0145a4392d6cef1c686) Importer(815301076,1909f56bfc062723c751e8b465ee728b)
Start importing Assets/Scenes/Menu.unity using Guid(fc7b8c03f058c0145a4392d6cef1c686) Importer(815301076,1909f56bfc062723c751e8b465ee728b)  -> (artifact id: '4cae2e02daa26a5cf2983ed0827c6fe1') in 0.000973 seconds 
========================================================================
Received Import Request.
  Time since last request: 2.300342 seconds.
  path: Assets/Scenes/Server.unity
  artifactKey: Guid(4c2418fa40a75194aaa20ee67ec509af) Importer(815301076,1909f56bfc062723c751e8b465ee728b)
Start importing Assets/Scenes/Server.unity using Guid(4c2418fa40a75194aaa20ee67ec509af) Importer(815301076,1909f56bfc062723c751e8b465ee728b)  -> (artifact id: '36fc638b6b46cbcd9b56b16985d7be57') in 0.001094 seconds 
========================================================================
Received Import Request.
  Time since last request: 104.355121 seconds.
  path: Assets/Scripts
  artifactKey: Guid(dce23bf390c063b429502b61b60e5023) Importer(815301076,1909f56bfc062723c751e8b465ee728b)
Start importing Assets/Scripts using Guid(dce23bf390c063b429502b61b60e5023) Importer(815301076,1909f56bfc062723c751e8b465ee728b)  -> (artifact id: '62a577bb305278ac7b0d9b003113a7d9') in 0.001363 seconds 
